[2023-03-17 14:20:50,985] {taskinstance.py:1032} INFO - Dependencies all met for <TaskInstance: local_ingestion_v1.0.insert_logs_task manual__2023-03-17T14:18:13.652228+00:00 [queued]>
[2023-03-17 14:20:51,073] {taskinstance.py:1032} INFO - Dependencies all met for <TaskInstance: local_ingestion_v1.0.insert_logs_task manual__2023-03-17T14:18:13.652228+00:00 [queued]>
[2023-03-17 14:20:51,075] {taskinstance.py:1238} INFO - 
--------------------------------------------------------------------------------
[2023-03-17 14:20:51,077] {taskinstance.py:1239} INFO - Starting attempt 2 of 3
[2023-03-17 14:20:51,078] {taskinstance.py:1240} INFO - 
--------------------------------------------------------------------------------
[2023-03-17 14:20:51,126] {taskinstance.py:1259} INFO - Executing <Task(PostgresOperator): insert_logs_task> on 2023-03-17 14:18:13.652228+00:00
[2023-03-17 14:20:51,149] {standard_task_runner.py:52} INFO - Started process 2557 to run task
[2023-03-17 14:20:51,169] {standard_task_runner.py:76} INFO - Running: ['***', 'tasks', 'run', 'local_ingestion_v1.0', 'insert_logs_task', 'manual__2023-03-17T14:18:13.652228+00:00', '--job-id', '110', '--raw', '--subdir', 'DAGS_FOLDER/data_ingestion_local.py', '--cfg-path', '/tmp/tmp0vca5rjs', '--error-file', '/tmp/tmpc_g8l80z']
[2023-03-17 14:20:51,179] {standard_task_runner.py:77} INFO - Job 110: Subtask insert_logs_task
[2023-03-17 14:20:51,449] {logging_mixin.py:109} INFO - Running <TaskInstance: local_ingestion_v1.0.insert_logs_task manual__2023-03-17T14:18:13.652228+00:00 [running]> on host 8920ab98807f
[2023-03-17 14:20:51,701] {taskinstance.py:1426} INFO - Exporting the following env vars:
AIRFLOW_CTX_DAG_OWNER=***
AIRFLOW_CTX_DAG_ID=local_ingestion_v1.0
AIRFLOW_CTX_TASK_ID=insert_logs_task
AIRFLOW_CTX_EXECUTION_DATE=2023-03-17T14:18:13.652228+00:00
AIRFLOW_CTX_DAG_RUN_ID=manual__2023-03-17T14:18:13.652228+00:00
[2023-03-17 14:20:51,732] {base.py:79} INFO - Using connection to: id: postgress_localhost. Host: host.docker.internal, Port: 5432, Schema: wine_quality, Login: ***, Password: ***, extra: {}
[2023-03-17 14:20:51,796] {dbapi.py:225} INFO - Running statement: 
            insert into dag_runs (dt, dag_id) values ('2023-03-17', 'local_ingestion_v1.0')
        , parameters: None
[2023-03-17 14:20:51,835] {dbapi.py:233} INFO - Rows affected: 1
[2023-03-17 14:20:51,903] {taskinstance.py:1277} INFO - Marking task as SUCCESS. dag_id=local_ingestion_v1.0, task_id=insert_logs_task, execution_date=20230317T141813, start_date=20230317T142051, end_date=20230317T142051
[2023-03-17 14:20:52,029] {local_task_job.py:154} INFO - Task exited with return code 0
[2023-03-17 14:20:52,158] {local_task_job.py:264} INFO - 0 downstream tasks scheduled from follow-on schedule check
