[2023-03-17 14:26:26,539] {taskinstance.py:1032} INFO - Dependencies all met for <TaskInstance: local_ingestion_v1.0.insert_logs_task manual__2023-03-17T14:25:52.153691+00:00 [queued]>
[2023-03-17 14:26:26,595] {taskinstance.py:1032} INFO - Dependencies all met for <TaskInstance: local_ingestion_v1.0.insert_logs_task manual__2023-03-17T14:25:52.153691+00:00 [queued]>
[2023-03-17 14:26:26,597] {taskinstance.py:1238} INFO - 
--------------------------------------------------------------------------------
[2023-03-17 14:26:26,600] {taskinstance.py:1239} INFO - Starting attempt 1 of 2
[2023-03-17 14:26:26,602] {taskinstance.py:1240} INFO - 
--------------------------------------------------------------------------------
[2023-03-17 14:26:26,677] {taskinstance.py:1259} INFO - Executing <Task(PostgresOperator): insert_logs_task> on 2023-03-17 14:25:52.153691+00:00
[2023-03-17 14:26:26,703] {standard_task_runner.py:52} INFO - Started process 3070 to run task
[2023-03-17 14:26:26,738] {standard_task_runner.py:76} INFO - Running: ['***', 'tasks', 'run', 'local_ingestion_v1.0', 'insert_logs_task', 'manual__2023-03-17T14:25:52.153691+00:00', '--job-id', '124', '--raw', '--subdir', 'DAGS_FOLDER/data_ingestion_local.py', '--cfg-path', '/tmp/tmpnj9pi5s6', '--error-file', '/tmp/tmp5fy1m_w7']
[2023-03-17 14:26:26,745] {standard_task_runner.py:77} INFO - Job 124: Subtask insert_logs_task
[2023-03-17 14:26:26,977] {logging_mixin.py:109} INFO - Running <TaskInstance: local_ingestion_v1.0.insert_logs_task manual__2023-03-17T14:25:52.153691+00:00 [running]> on host 8920ab98807f
[2023-03-17 14:26:27,261] {taskinstance.py:1426} INFO - Exporting the following env vars:
AIRFLOW_CTX_DAG_OWNER=***
AIRFLOW_CTX_DAG_ID=local_ingestion_v1.0
AIRFLOW_CTX_TASK_ID=insert_logs_task
AIRFLOW_CTX_EXECUTION_DATE=2023-03-17T14:25:52.153691+00:00
AIRFLOW_CTX_DAG_RUN_ID=manual__2023-03-17T14:25:52.153691+00:00
[2023-03-17 14:26:27,300] {base.py:79} INFO - Using connection to: id: postgress_localhost. Host: host.docker.internal, Port: 5432, Schema: wine_quality, Login: ***, Password: ***, extra: {}
[2023-03-17 14:26:27,356] {dbapi.py:225} INFO - Running statement: 
            insert into dag_runs (dt, dag_id) values ('2023-03-17', 'local_ingestion_v1.0')
        , parameters: None
[2023-03-17 14:26:27,370] {dbapi.py:233} INFO - Rows affected: 1
[2023-03-17 14:26:27,450] {taskinstance.py:1277} INFO - Marking task as SUCCESS. dag_id=local_ingestion_v1.0, task_id=insert_logs_task, execution_date=20230317T142552, start_date=20230317T142626, end_date=20230317T142627
[2023-03-17 14:26:27,547] {local_task_job.py:154} INFO - Task exited with return code 0
[2023-03-17 14:26:27,642] {local_task_job.py:264} INFO - 0 downstream tasks scheduled from follow-on schedule check
