[2023-03-16 19:59:13,602] {taskinstance.py:1032} INFO - Dependencies all met for <TaskInstance: local_ingestion_v1.0.ingest_data manual__2023-03-16T19:58:59.350663+00:00 [queued]>
[2023-03-16 19:59:13,653] {taskinstance.py:1032} INFO - Dependencies all met for <TaskInstance: local_ingestion_v1.0.ingest_data manual__2023-03-16T19:58:59.350663+00:00 [queued]>
[2023-03-16 19:59:13,656] {taskinstance.py:1238} INFO - 
--------------------------------------------------------------------------------
[2023-03-16 19:59:13,657] {taskinstance.py:1239} INFO - Starting attempt 1 of 2
[2023-03-16 19:59:13,659] {taskinstance.py:1240} INFO - 
--------------------------------------------------------------------------------
[2023-03-16 19:59:13,725] {taskinstance.py:1259} INFO - Executing <Task(PythonOperator): ingest_data> on 2023-03-16 19:58:59.350663+00:00
[2023-03-16 19:59:13,752] {standard_task_runner.py:52} INFO - Started process 6061 to run task
[2023-03-16 19:59:13,770] {standard_task_runner.py:76} INFO - Running: ['***', 'tasks', 'run', 'local_ingestion_v1.0', 'ingest_data', 'manual__2023-03-16T19:58:59.350663+00:00', '--job-id', '89', '--raw', '--subdir', 'DAGS_FOLDER/data_ingestion_local.py', '--cfg-path', '/tmp/tmp3lqej8b1', '--error-file', '/tmp/tmp4klxl30r']
[2023-03-16 19:59:13,859] {standard_task_runner.py:77} INFO - Job 89: Subtask ingest_data
[2023-03-16 19:59:14,218] {logging_mixin.py:109} INFO - Running <TaskInstance: local_ingestion_v1.0.ingest_data manual__2023-03-16T19:58:59.350663+00:00 [running]> on host c6eb90394236
[2023-03-16 19:59:14,487] {taskinstance.py:1426} INFO - Exporting the following env vars:
AIRFLOW_CTX_DAG_OWNER=***
AIRFLOW_CTX_DAG_ID=local_ingestion_v1.0
AIRFLOW_CTX_TASK_ID=ingest_data
AIRFLOW_CTX_EXECUTION_DATE=2023-03-16T19:58:59.350663+00:00
AIRFLOW_CTX_DAG_RUN_ID=manual__2023-03-16T19:58:59.350663+00:00
[2023-03-16 19:59:16,673] {logging_mixin.py:109} INFO - Finished ingesting data into the postgres database
[2023-03-16 19:59:16,681] {python.py:175} INFO - Done. Returned value was: None
[2023-03-16 19:59:16,730] {taskinstance.py:1277} INFO - Marking task as SUCCESS. dag_id=local_ingestion_v1.0, task_id=ingest_data, execution_date=20230316T195859, start_date=20230316T195913, end_date=20230316T195916
[2023-03-16 19:59:16,824] {local_task_job.py:154} INFO - Task exited with return code 0
[2023-03-16 19:59:16,937] {local_task_job.py:264} INFO - 0 downstream tasks scheduled from follow-on schedule check
