[2023-03-17 13:49:41,018] {processor.py:163} INFO - Started process (PID=314) to work on /opt/airflow/dags/data_ingestion_local.py
[2023-03-17 13:49:41,029] {processor.py:642} INFO - Processing file /opt/airflow/dags/data_ingestion_local.py for tasks to queue
[2023-03-17 13:49:41,043] {logging_mixin.py:109} INFO - [2023-03-17 13:49:41,043] {dagbag.py:500} INFO - Filling up the DagBag from /opt/airflow/dags/data_ingestion_local.py
[2023-03-17 13:49:53,751] {processor.py:654} INFO - DAG(s) dict_keys(['local_ingestion_v1.0']) retrieved from /opt/airflow/dags/data_ingestion_local.py
[2023-03-17 13:50:00,513] {logging_mixin.py:109} INFO - [2023-03-17 13:50:00,512] {dag.py:2396} INFO - Sync 1 DAGs
[2023-03-17 13:50:00,687] {logging_mixin.py:109} INFO - [2023-03-17 13:50:00,686] {dag.py:2935} INFO - Setting next_dagrun for local_ingestion_v1.0 to 2023-03-16T00:00:00+00:00
[2023-03-17 13:50:00,781] {processor.py:171} INFO - Processing /opt/airflow/dags/data_ingestion_local.py took 19.772 seconds
[2023-03-17 13:50:31,391] {processor.py:163} INFO - Started process (PID=361) to work on /opt/airflow/dags/data_ingestion_local.py
[2023-03-17 13:50:31,410] {processor.py:642} INFO - Processing file /opt/airflow/dags/data_ingestion_local.py for tasks to queue
[2023-03-17 13:50:31,427] {logging_mixin.py:109} INFO - [2023-03-17 13:50:31,426] {dagbag.py:500} INFO - Filling up the DagBag from /opt/airflow/dags/data_ingestion_local.py
[2023-03-17 13:50:36,014] {processor.py:654} INFO - DAG(s) dict_keys(['local_ingestion_v1.0']) retrieved from /opt/airflow/dags/data_ingestion_local.py
[2023-03-17 13:50:36,071] {logging_mixin.py:109} INFO - [2023-03-17 13:50:36,069] {dag.py:2396} INFO - Sync 1 DAGs
[2023-03-17 13:50:36,195] {logging_mixin.py:109} INFO - [2023-03-17 13:50:36,194] {dag.py:2935} INFO - Setting next_dagrun for local_ingestion_v1.0 to 2023-03-16T00:00:00+00:00
[2023-03-17 13:50:36,257] {processor.py:171} INFO - Processing /opt/airflow/dags/data_ingestion_local.py took 4.895 seconds
[2023-03-17 13:51:06,998] {processor.py:163} INFO - Started process (PID=403) to work on /opt/airflow/dags/data_ingestion_local.py
[2023-03-17 13:51:07,004] {processor.py:642} INFO - Processing file /opt/airflow/dags/data_ingestion_local.py for tasks to queue
[2023-03-17 13:51:07,008] {logging_mixin.py:109} INFO - [2023-03-17 13:51:07,008] {dagbag.py:500} INFO - Filling up the DagBag from /opt/airflow/dags/data_ingestion_local.py
[2023-03-17 13:51:10,011] {processor.py:654} INFO - DAG(s) dict_keys(['local_ingestion_v1.0']) retrieved from /opt/airflow/dags/data_ingestion_local.py
[2023-03-17 13:51:10,058] {logging_mixin.py:109} INFO - [2023-03-17 13:51:10,057] {dag.py:2396} INFO - Sync 1 DAGs
[2023-03-17 13:51:10,145] {logging_mixin.py:109} INFO - [2023-03-17 13:51:10,145] {dag.py:2935} INFO - Setting next_dagrun for local_ingestion_v1.0 to 2023-03-16T00:00:00+00:00
[2023-03-17 13:51:10,182] {processor.py:171} INFO - Processing /opt/airflow/dags/data_ingestion_local.py took 3.193 seconds
[2023-03-17 13:51:40,379] {processor.py:163} INFO - Started process (PID=445) to work on /opt/airflow/dags/data_ingestion_local.py
[2023-03-17 13:51:40,389] {processor.py:642} INFO - Processing file /opt/airflow/dags/data_ingestion_local.py for tasks to queue
[2023-03-17 13:51:40,412] {logging_mixin.py:109} INFO - [2023-03-17 13:51:40,410] {dagbag.py:500} INFO - Filling up the DagBag from /opt/airflow/dags/data_ingestion_local.py
[2023-03-17 13:51:43,115] {processor.py:654} INFO - DAG(s) dict_keys(['local_ingestion_v1.0']) retrieved from /opt/airflow/dags/data_ingestion_local.py
[2023-03-17 13:51:43,150] {logging_mixin.py:109} INFO - [2023-03-17 13:51:43,149] {dag.py:2396} INFO - Sync 1 DAGs
[2023-03-17 13:51:43,221] {logging_mixin.py:109} INFO - [2023-03-17 13:51:43,220] {dag.py:2935} INFO - Setting next_dagrun for local_ingestion_v1.0 to 2023-03-16T00:00:00+00:00
[2023-03-17 13:51:43,246] {processor.py:171} INFO - Processing /opt/airflow/dags/data_ingestion_local.py took 2.899 seconds
[2023-03-17 13:52:14,146] {processor.py:163} INFO - Started process (PID=473) to work on /opt/airflow/dags/data_ingestion_local.py
[2023-03-17 13:52:14,151] {processor.py:642} INFO - Processing file /opt/airflow/dags/data_ingestion_local.py for tasks to queue
[2023-03-17 13:52:14,159] {logging_mixin.py:109} INFO - [2023-03-17 13:52:14,159] {dagbag.py:500} INFO - Filling up the DagBag from /opt/airflow/dags/data_ingestion_local.py
[2023-03-17 13:52:16,196] {processor.py:654} INFO - DAG(s) dict_keys(['local_ingestion_v1.0']) retrieved from /opt/airflow/dags/data_ingestion_local.py
[2023-03-17 13:52:16,225] {logging_mixin.py:109} INFO - [2023-03-17 13:52:16,224] {dag.py:2396} INFO - Sync 1 DAGs
[2023-03-17 13:52:16,280] {logging_mixin.py:109} INFO - [2023-03-17 13:52:16,280] {dag.py:2935} INFO - Setting next_dagrun for local_ingestion_v1.0 to 2023-03-16T00:00:00+00:00
[2023-03-17 13:52:16,302] {processor.py:171} INFO - Processing /opt/airflow/dags/data_ingestion_local.py took 2.165 seconds
[2023-03-17 13:52:46,713] {processor.py:163} INFO - Started process (PID=515) to work on /opt/airflow/dags/data_ingestion_local.py
[2023-03-17 13:52:46,733] {processor.py:642} INFO - Processing file /opt/airflow/dags/data_ingestion_local.py for tasks to queue
[2023-03-17 13:52:46,745] {logging_mixin.py:109} INFO - [2023-03-17 13:52:46,744] {dagbag.py:500} INFO - Filling up the DagBag from /opt/airflow/dags/data_ingestion_local.py
[2023-03-17 13:52:50,067] {processor.py:654} INFO - DAG(s) dict_keys(['local_ingestion_v1.0']) retrieved from /opt/airflow/dags/data_ingestion_local.py
[2023-03-17 13:52:50,110] {logging_mixin.py:109} INFO - [2023-03-17 13:52:50,109] {dag.py:2396} INFO - Sync 1 DAGs
[2023-03-17 13:52:50,202] {logging_mixin.py:109} INFO - [2023-03-17 13:52:50,201] {dag.py:2935} INFO - Setting next_dagrun for local_ingestion_v1.0 to 2023-03-16T00:00:00+00:00
[2023-03-17 13:52:50,239] {processor.py:171} INFO - Processing /opt/airflow/dags/data_ingestion_local.py took 3.550 seconds
[2023-03-17 13:53:20,619] {processor.py:163} INFO - Started process (PID=557) to work on /opt/airflow/dags/data_ingestion_local.py
[2023-03-17 13:53:20,630] {processor.py:642} INFO - Processing file /opt/airflow/dags/data_ingestion_local.py for tasks to queue
[2023-03-17 13:53:20,639] {logging_mixin.py:109} INFO - [2023-03-17 13:53:20,639] {dagbag.py:500} INFO - Filling up the DagBag from /opt/airflow/dags/data_ingestion_local.py
[2023-03-17 13:53:23,028] {processor.py:654} INFO - DAG(s) dict_keys(['local_ingestion_v1.0']) retrieved from /opt/airflow/dags/data_ingestion_local.py
[2023-03-17 13:53:23,067] {logging_mixin.py:109} INFO - [2023-03-17 13:53:23,065] {dag.py:2396} INFO - Sync 1 DAGs
[2023-03-17 13:53:23,138] {logging_mixin.py:109} INFO - [2023-03-17 13:53:23,138] {dag.py:2935} INFO - Setting next_dagrun for local_ingestion_v1.0 to 2023-03-16T00:00:00+00:00
[2023-03-17 13:53:23,167] {processor.py:171} INFO - Processing /opt/airflow/dags/data_ingestion_local.py took 2.561 seconds
[2023-03-17 13:53:53,828] {processor.py:163} INFO - Started process (PID=583) to work on /opt/airflow/dags/data_ingestion_local.py
[2023-03-17 13:53:53,834] {processor.py:642} INFO - Processing file /opt/airflow/dags/data_ingestion_local.py for tasks to queue
[2023-03-17 13:53:53,839] {logging_mixin.py:109} INFO - [2023-03-17 13:53:53,838] {dagbag.py:500} INFO - Filling up the DagBag from /opt/airflow/dags/data_ingestion_local.py
[2023-03-17 13:53:56,188] {processor.py:654} INFO - DAG(s) dict_keys(['local_ingestion_v1.0']) retrieved from /opt/airflow/dags/data_ingestion_local.py
[2023-03-17 13:53:56,217] {logging_mixin.py:109} INFO - [2023-03-17 13:53:56,216] {dag.py:2396} INFO - Sync 1 DAGs
[2023-03-17 13:53:56,272] {logging_mixin.py:109} INFO - [2023-03-17 13:53:56,271] {dag.py:2935} INFO - Setting next_dagrun for local_ingestion_v1.0 to 2023-03-16T00:00:00+00:00
[2023-03-17 13:53:56,294] {processor.py:171} INFO - Processing /opt/airflow/dags/data_ingestion_local.py took 2.478 seconds
[2023-03-17 13:54:26,659] {processor.py:163} INFO - Started process (PID=625) to work on /opt/airflow/dags/data_ingestion_local.py
[2023-03-17 13:54:26,667] {processor.py:642} INFO - Processing file /opt/airflow/dags/data_ingestion_local.py for tasks to queue
[2023-03-17 13:54:26,673] {logging_mixin.py:109} INFO - [2023-03-17 13:54:26,673] {dagbag.py:500} INFO - Filling up the DagBag from /opt/airflow/dags/data_ingestion_local.py
[2023-03-17 13:54:29,497] {processor.py:654} INFO - DAG(s) dict_keys(['local_ingestion_v1.0']) retrieved from /opt/airflow/dags/data_ingestion_local.py
[2023-03-17 13:54:29,538] {logging_mixin.py:109} INFO - [2023-03-17 13:54:29,537] {dag.py:2396} INFO - Sync 1 DAGs
[2023-03-17 13:54:29,622] {logging_mixin.py:109} INFO - [2023-03-17 13:54:29,621] {dag.py:2935} INFO - Setting next_dagrun for local_ingestion_v1.0 to 2023-03-16T00:00:00+00:00
[2023-03-17 13:54:29,660] {processor.py:171} INFO - Processing /opt/airflow/dags/data_ingestion_local.py took 3.014 seconds
[2023-03-17 13:55:00,540] {processor.py:163} INFO - Started process (PID=667) to work on /opt/airflow/dags/data_ingestion_local.py
[2023-03-17 13:55:00,550] {processor.py:642} INFO - Processing file /opt/airflow/dags/data_ingestion_local.py for tasks to queue
[2023-03-17 13:55:00,562] {logging_mixin.py:109} INFO - [2023-03-17 13:55:00,560] {dagbag.py:500} INFO - Filling up the DagBag from /opt/airflow/dags/data_ingestion_local.py
[2023-03-17 13:55:04,876] {processor.py:654} INFO - DAG(s) dict_keys(['local_ingestion_v1.0']) retrieved from /opt/airflow/dags/data_ingestion_local.py
[2023-03-17 13:55:04,929] {logging_mixin.py:109} INFO - [2023-03-17 13:55:04,926] {dag.py:2396} INFO - Sync 1 DAGs
[2023-03-17 13:55:05,063] {logging_mixin.py:109} INFO - [2023-03-17 13:55:05,062] {dag.py:2935} INFO - Setting next_dagrun for local_ingestion_v1.0 to 2023-03-16T00:00:00+00:00
[2023-03-17 13:55:05,105] {processor.py:171} INFO - Processing /opt/airflow/dags/data_ingestion_local.py took 4.578 seconds
[2023-03-17 13:55:35,996] {processor.py:163} INFO - Started process (PID=693) to work on /opt/airflow/dags/data_ingestion_local.py
[2023-03-17 13:55:36,005] {processor.py:642} INFO - Processing file /opt/airflow/dags/data_ingestion_local.py for tasks to queue
[2023-03-17 13:55:36,014] {logging_mixin.py:109} INFO - [2023-03-17 13:55:36,013] {dagbag.py:500} INFO - Filling up the DagBag from /opt/airflow/dags/data_ingestion_local.py
[2023-03-17 13:55:43,209] {processor.py:654} INFO - DAG(s) dict_keys(['local_ingestion_v1.0']) retrieved from /opt/airflow/dags/data_ingestion_local.py
[2023-03-17 13:55:43,414] {logging_mixin.py:109} INFO - [2023-03-17 13:55:43,412] {dag.py:2396} INFO - Sync 1 DAGs
[2023-03-17 13:55:43,719] {logging_mixin.py:109} INFO - [2023-03-17 13:55:43,718] {dag.py:2935} INFO - Setting next_dagrun for local_ingestion_v1.0 to 2023-03-16T00:00:00+00:00
[2023-03-17 13:55:43,885] {processor.py:171} INFO - Processing /opt/airflow/dags/data_ingestion_local.py took 7.904 seconds
[2023-03-17 13:56:15,189] {processor.py:163} INFO - Started process (PID=735) to work on /opt/airflow/dags/data_ingestion_local.py
[2023-03-17 13:56:15,195] {processor.py:642} INFO - Processing file /opt/airflow/dags/data_ingestion_local.py for tasks to queue
[2023-03-17 13:56:15,203] {logging_mixin.py:109} INFO - [2023-03-17 13:56:15,202] {dagbag.py:500} INFO - Filling up the DagBag from /opt/airflow/dags/data_ingestion_local.py
[2023-03-17 13:56:21,214] {processor.py:654} INFO - DAG(s) dict_keys(['local_ingestion_v1.0']) retrieved from /opt/airflow/dags/data_ingestion_local.py
[2023-03-17 13:56:21,375] {logging_mixin.py:109} INFO - [2023-03-17 13:56:21,373] {dag.py:2396} INFO - Sync 1 DAGs
[2023-03-17 13:56:21,713] {logging_mixin.py:109} INFO - [2023-03-17 13:56:21,711] {dag.py:2935} INFO - Setting next_dagrun for local_ingestion_v1.0 to 2023-03-16T00:00:00+00:00
[2023-03-17 13:56:21,884] {processor.py:171} INFO - Processing /opt/airflow/dags/data_ingestion_local.py took 6.711 seconds
[2023-03-17 13:56:52,454] {processor.py:163} INFO - Started process (PID=778) to work on /opt/airflow/dags/data_ingestion_local.py
[2023-03-17 13:56:52,459] {processor.py:642} INFO - Processing file /opt/airflow/dags/data_ingestion_local.py for tasks to queue
[2023-03-17 13:56:52,464] {logging_mixin.py:109} INFO - [2023-03-17 13:56:52,463] {dagbag.py:500} INFO - Filling up the DagBag from /opt/airflow/dags/data_ingestion_local.py
[2023-03-17 13:56:54,609] {processor.py:654} INFO - DAG(s) dict_keys(['local_ingestion_v1.0']) retrieved from /opt/airflow/dags/data_ingestion_local.py
[2023-03-17 13:56:54,644] {logging_mixin.py:109} INFO - [2023-03-17 13:56:54,643] {dag.py:2396} INFO - Sync 1 DAGs
[2023-03-17 13:56:54,709] {logging_mixin.py:109} INFO - [2023-03-17 13:56:54,709] {dag.py:2935} INFO - Setting next_dagrun for local_ingestion_v1.0 to 2023-03-16T00:00:00+00:00
[2023-03-17 13:56:54,731] {processor.py:171} INFO - Processing /opt/airflow/dags/data_ingestion_local.py took 2.289 seconds
[2023-03-17 13:57:25,132] {processor.py:163} INFO - Started process (PID=822) to work on /opt/airflow/dags/data_ingestion_local.py
[2023-03-17 13:57:25,140] {processor.py:642} INFO - Processing file /opt/airflow/dags/data_ingestion_local.py for tasks to queue
[2023-03-17 13:57:25,145] {logging_mixin.py:109} INFO - [2023-03-17 13:57:25,144] {dagbag.py:500} INFO - Filling up the DagBag from /opt/airflow/dags/data_ingestion_local.py
[2023-03-17 13:57:27,742] {processor.py:654} INFO - DAG(s) dict_keys(['local_ingestion_v1.0']) retrieved from /opt/airflow/dags/data_ingestion_local.py
[2023-03-17 13:57:27,784] {logging_mixin.py:109} INFO - [2023-03-17 13:57:27,783] {dag.py:2396} INFO - Sync 1 DAGs
[2023-03-17 13:57:27,857] {logging_mixin.py:109} INFO - [2023-03-17 13:57:27,857] {dag.py:2935} INFO - Setting next_dagrun for local_ingestion_v1.0 to 2023-03-16T00:00:00+00:00
[2023-03-17 13:57:27,889] {processor.py:171} INFO - Processing /opt/airflow/dags/data_ingestion_local.py took 2.773 seconds
[2023-03-17 13:57:58,255] {processor.py:163} INFO - Started process (PID=858) to work on /opt/airflow/dags/data_ingestion_local.py
[2023-03-17 13:57:58,261] {processor.py:642} INFO - Processing file /opt/airflow/dags/data_ingestion_local.py for tasks to queue
[2023-03-17 13:57:58,265] {logging_mixin.py:109} INFO - [2023-03-17 13:57:58,264] {dagbag.py:500} INFO - Filling up the DagBag from /opt/airflow/dags/data_ingestion_local.py
[2023-03-17 13:58:01,290] {processor.py:654} INFO - DAG(s) dict_keys(['local_ingestion_v1.0']) retrieved from /opt/airflow/dags/data_ingestion_local.py
[2023-03-17 13:58:01,328] {logging_mixin.py:109} INFO - [2023-03-17 13:58:01,327] {dag.py:2396} INFO - Sync 1 DAGs
[2023-03-17 13:58:01,399] {logging_mixin.py:109} INFO - [2023-03-17 13:58:01,398] {dag.py:2935} INFO - Setting next_dagrun for local_ingestion_v1.0 to 2023-03-16T00:00:00+00:00
[2023-03-17 13:58:01,426] {processor.py:171} INFO - Processing /opt/airflow/dags/data_ingestion_local.py took 3.182 seconds
[2023-03-17 13:58:31,961] {processor.py:163} INFO - Started process (PID=890) to work on /opt/airflow/dags/data_ingestion_local.py
[2023-03-17 13:58:31,969] {processor.py:642} INFO - Processing file /opt/airflow/dags/data_ingestion_local.py for tasks to queue
[2023-03-17 13:58:31,975] {logging_mixin.py:109} INFO - [2023-03-17 13:58:31,974] {dagbag.py:500} INFO - Filling up the DagBag from /opt/airflow/dags/data_ingestion_local.py
[2023-03-17 13:58:34,002] {processor.py:654} INFO - DAG(s) dict_keys(['local_ingestion_v1.0']) retrieved from /opt/airflow/dags/data_ingestion_local.py
[2023-03-17 13:58:34,031] {logging_mixin.py:109} INFO - [2023-03-17 13:58:34,029] {dag.py:2396} INFO - Sync 1 DAGs
[2023-03-17 13:58:34,091] {logging_mixin.py:109} INFO - [2023-03-17 13:58:34,091] {dag.py:2935} INFO - Setting next_dagrun for local_ingestion_v1.0 to 2023-03-16T00:00:00+00:00
[2023-03-17 13:58:34,113] {processor.py:171} INFO - Processing /opt/airflow/dags/data_ingestion_local.py took 2.169 seconds
[2023-03-17 13:59:04,431] {processor.py:163} INFO - Started process (PID=932) to work on /opt/airflow/dags/data_ingestion_local.py
[2023-03-17 13:59:04,435] {processor.py:642} INFO - Processing file /opt/airflow/dags/data_ingestion_local.py for tasks to queue
[2023-03-17 13:59:04,439] {logging_mixin.py:109} INFO - [2023-03-17 13:59:04,438] {dagbag.py:500} INFO - Filling up the DagBag from /opt/airflow/dags/data_ingestion_local.py
[2023-03-17 13:59:07,165] {processor.py:654} INFO - DAG(s) dict_keys(['local_ingestion_v1.0']) retrieved from /opt/airflow/dags/data_ingestion_local.py
[2023-03-17 13:59:07,202] {logging_mixin.py:109} INFO - [2023-03-17 13:59:07,200] {dag.py:2396} INFO - Sync 1 DAGs
[2023-03-17 13:59:07,274] {logging_mixin.py:109} INFO - [2023-03-17 13:59:07,273] {dag.py:2935} INFO - Setting next_dagrun for local_ingestion_v1.0 to 2023-03-16T00:00:00+00:00
[2023-03-17 13:59:07,302] {processor.py:171} INFO - Processing /opt/airflow/dags/data_ingestion_local.py took 2.879 seconds
[2023-03-17 13:59:37,926] {processor.py:163} INFO - Started process (PID=968) to work on /opt/airflow/dags/data_ingestion_local.py
[2023-03-17 13:59:37,931] {processor.py:642} INFO - Processing file /opt/airflow/dags/data_ingestion_local.py for tasks to queue
[2023-03-17 13:59:37,935] {logging_mixin.py:109} INFO - [2023-03-17 13:59:37,935] {dagbag.py:500} INFO - Filling up the DagBag from /opt/airflow/dags/data_ingestion_local.py
[2023-03-17 13:59:40,980] {processor.py:654} INFO - DAG(s) dict_keys(['local_ingestion_v1.0']) retrieved from /opt/airflow/dags/data_ingestion_local.py
[2023-03-17 13:59:41,074] {logging_mixin.py:109} INFO - [2023-03-17 13:59:41,072] {dag.py:2396} INFO - Sync 1 DAGs
[2023-03-17 13:59:41,158] {logging_mixin.py:109} INFO - [2023-03-17 13:59:41,157] {dag.py:2935} INFO - Setting next_dagrun for local_ingestion_v1.0 to 2023-03-16T00:00:00+00:00
[2023-03-17 13:59:41,187] {processor.py:171} INFO - Processing /opt/airflow/dags/data_ingestion_local.py took 3.273 seconds
[2023-03-17 14:00:11,613] {processor.py:163} INFO - Started process (PID=999) to work on /opt/airflow/dags/data_ingestion_local.py
[2023-03-17 14:00:11,618] {processor.py:642} INFO - Processing file /opt/airflow/dags/data_ingestion_local.py for tasks to queue
[2023-03-17 14:00:11,623] {logging_mixin.py:109} INFO - [2023-03-17 14:00:11,622] {dagbag.py:500} INFO - Filling up the DagBag from /opt/airflow/dags/data_ingestion_local.py
[2023-03-17 14:00:14,566] {processor.py:654} INFO - DAG(s) dict_keys(['local_ingestion_v1.0']) retrieved from /opt/airflow/dags/data_ingestion_local.py
[2023-03-17 14:00:14,597] {logging_mixin.py:109} INFO - [2023-03-17 14:00:14,596] {dag.py:2396} INFO - Sync 1 DAGs
[2023-03-17 14:00:14,658] {logging_mixin.py:109} INFO - [2023-03-17 14:00:14,657] {dag.py:2935} INFO - Setting next_dagrun for local_ingestion_v1.0 to 2023-03-16T00:00:00+00:00
[2023-03-17 14:00:14,680] {processor.py:171} INFO - Processing /opt/airflow/dags/data_ingestion_local.py took 3.102 seconds
[2023-03-17 14:00:45,313] {processor.py:163} INFO - Started process (PID=1041) to work on /opt/airflow/dags/data_ingestion_local.py
[2023-03-17 14:00:45,320] {processor.py:642} INFO - Processing file /opt/airflow/dags/data_ingestion_local.py for tasks to queue
[2023-03-17 14:00:45,328] {logging_mixin.py:109} INFO - [2023-03-17 14:00:45,325] {dagbag.py:500} INFO - Filling up the DagBag from /opt/airflow/dags/data_ingestion_local.py
[2023-03-17 14:00:48,445] {processor.py:654} INFO - DAG(s) dict_keys(['local_ingestion_v1.0']) retrieved from /opt/airflow/dags/data_ingestion_local.py
[2023-03-17 14:00:48,500] {logging_mixin.py:109} INFO - [2023-03-17 14:00:48,498] {dag.py:2396} INFO - Sync 1 DAGs
[2023-03-17 14:00:48,589] {logging_mixin.py:109} INFO - [2023-03-17 14:00:48,588] {dag.py:2935} INFO - Setting next_dagrun for local_ingestion_v1.0 to 2023-03-16T00:00:00+00:00
[2023-03-17 14:00:48,628] {processor.py:171} INFO - Processing /opt/airflow/dags/data_ingestion_local.py took 3.326 seconds
[2023-03-17 14:01:18,879] {processor.py:163} INFO - Started process (PID=1077) to work on /opt/airflow/dags/data_ingestion_local.py
[2023-03-17 14:01:18,887] {processor.py:642} INFO - Processing file /opt/airflow/dags/data_ingestion_local.py for tasks to queue
[2023-03-17 14:01:18,894] {logging_mixin.py:109} INFO - [2023-03-17 14:01:18,893] {dagbag.py:500} INFO - Filling up the DagBag from /opt/airflow/dags/data_ingestion_local.py
[2023-03-17 14:01:22,283] {processor.py:654} INFO - DAG(s) dict_keys(['local_ingestion_v1.0']) retrieved from /opt/airflow/dags/data_ingestion_local.py
[2023-03-17 14:01:22,335] {logging_mixin.py:109} INFO - [2023-03-17 14:01:22,332] {dag.py:2396} INFO - Sync 1 DAGs
[2023-03-17 14:01:22,443] {logging_mixin.py:109} INFO - [2023-03-17 14:01:22,443] {dag.py:2935} INFO - Setting next_dagrun for local_ingestion_v1.0 to 2023-03-16T00:00:00+00:00
[2023-03-17 14:01:22,479] {processor.py:171} INFO - Processing /opt/airflow/dags/data_ingestion_local.py took 3.614 seconds
[2023-03-17 14:01:52,856] {processor.py:163} INFO - Started process (PID=1109) to work on /opt/airflow/dags/data_ingestion_local.py
[2023-03-17 14:01:52,862] {processor.py:642} INFO - Processing file /opt/airflow/dags/data_ingestion_local.py for tasks to queue
[2023-03-17 14:01:52,869] {logging_mixin.py:109} INFO - [2023-03-17 14:01:52,868] {dagbag.py:500} INFO - Filling up the DagBag from /opt/airflow/dags/data_ingestion_local.py
[2023-03-17 14:01:57,082] {processor.py:654} INFO - DAG(s) dict_keys(['local_ingestion_v1.0']) retrieved from /opt/airflow/dags/data_ingestion_local.py
[2023-03-17 14:01:57,112] {logging_mixin.py:109} INFO - [2023-03-17 14:01:57,111] {dag.py:2396} INFO - Sync 1 DAGs
[2023-03-17 14:01:57,173] {logging_mixin.py:109} INFO - [2023-03-17 14:01:57,173] {dag.py:2935} INFO - Setting next_dagrun for local_ingestion_v1.0 to 2023-03-16T00:00:00+00:00
[2023-03-17 14:01:57,195] {processor.py:171} INFO - Processing /opt/airflow/dags/data_ingestion_local.py took 4.352 seconds
[2023-03-17 14:02:27,805] {processor.py:163} INFO - Started process (PID=1151) to work on /opt/airflow/dags/data_ingestion_local.py
[2023-03-17 14:02:27,826] {processor.py:642} INFO - Processing file /opt/airflow/dags/data_ingestion_local.py for tasks to queue
[2023-03-17 14:02:27,835] {logging_mixin.py:109} INFO - [2023-03-17 14:02:27,833] {dagbag.py:500} INFO - Filling up the DagBag from /opt/airflow/dags/data_ingestion_local.py
[2023-03-17 14:02:31,292] {processor.py:654} INFO - DAG(s) dict_keys(['local_ingestion_v1.0']) retrieved from /opt/airflow/dags/data_ingestion_local.py
[2023-03-17 14:02:31,341] {logging_mixin.py:109} INFO - [2023-03-17 14:02:31,339] {dag.py:2396} INFO - Sync 1 DAGs
[2023-03-17 14:02:31,419] {logging_mixin.py:109} INFO - [2023-03-17 14:02:31,419] {dag.py:2935} INFO - Setting next_dagrun for local_ingestion_v1.0 to 2023-03-16T00:00:00+00:00
[2023-03-17 14:02:31,450] {processor.py:171} INFO - Processing /opt/airflow/dags/data_ingestion_local.py took 3.679 seconds
[2023-03-17 14:03:02,060] {processor.py:163} INFO - Started process (PID=1194) to work on /opt/airflow/dags/data_ingestion_local.py
[2023-03-17 14:03:02,069] {processor.py:642} INFO - Processing file /opt/airflow/dags/data_ingestion_local.py for tasks to queue
[2023-03-17 14:03:02,078] {logging_mixin.py:109} INFO - [2023-03-17 14:03:02,077] {dagbag.py:500} INFO - Filling up the DagBag from /opt/airflow/dags/data_ingestion_local.py
[2023-03-17 14:03:09,427] {processor.py:654} INFO - DAG(s) dict_keys(['local_ingestion_v1.0']) retrieved from /opt/airflow/dags/data_ingestion_local.py
[2023-03-17 14:03:09,480] {logging_mixin.py:109} INFO - [2023-03-17 14:03:09,478] {dag.py:2396} INFO - Sync 1 DAGs
[2023-03-17 14:03:09,558] {logging_mixin.py:109} INFO - [2023-03-17 14:03:09,558] {dag.py:2935} INFO - Setting next_dagrun for local_ingestion_v1.0 to 2023-03-16T00:00:00+00:00
[2023-03-17 14:03:09,587] {processor.py:171} INFO - Processing /opt/airflow/dags/data_ingestion_local.py took 7.543 seconds
[2023-03-17 14:03:40,074] {processor.py:163} INFO - Started process (PID=1236) to work on /opt/airflow/dags/data_ingestion_local.py
[2023-03-17 14:03:40,085] {processor.py:642} INFO - Processing file /opt/airflow/dags/data_ingestion_local.py for tasks to queue
[2023-03-17 14:03:40,094] {logging_mixin.py:109} INFO - [2023-03-17 14:03:40,093] {dagbag.py:500} INFO - Filling up the DagBag from /opt/airflow/dags/data_ingestion_local.py
[2023-03-17 14:03:44,985] {processor.py:654} INFO - DAG(s) dict_keys(['local_ingestion_v1.0']) retrieved from /opt/airflow/dags/data_ingestion_local.py
[2023-03-17 14:03:45,043] {logging_mixin.py:109} INFO - [2023-03-17 14:03:45,041] {dag.py:2396} INFO - Sync 1 DAGs
[2023-03-17 14:03:45,148] {logging_mixin.py:109} INFO - [2023-03-17 14:03:45,147] {dag.py:2935} INFO - Setting next_dagrun for local_ingestion_v1.0 to 2023-03-16T00:00:00+00:00
[2023-03-17 14:03:45,205] {processor.py:171} INFO - Processing /opt/airflow/dags/data_ingestion_local.py took 5.155 seconds
[2023-03-17 14:04:15,763] {processor.py:163} INFO - Started process (PID=1262) to work on /opt/airflow/dags/data_ingestion_local.py
[2023-03-17 14:04:15,780] {processor.py:642} INFO - Processing file /opt/airflow/dags/data_ingestion_local.py for tasks to queue
[2023-03-17 14:04:15,788] {logging_mixin.py:109} INFO - [2023-03-17 14:04:15,787] {dagbag.py:500} INFO - Filling up the DagBag from /opt/airflow/dags/data_ingestion_local.py
[2023-03-17 14:04:19,097] {processor.py:654} INFO - DAG(s) dict_keys(['local_ingestion_v1.0']) retrieved from /opt/airflow/dags/data_ingestion_local.py
[2023-03-17 14:04:19,169] {logging_mixin.py:109} INFO - [2023-03-17 14:04:19,168] {dag.py:2396} INFO - Sync 1 DAGs
[2023-03-17 14:04:19,266] {logging_mixin.py:109} INFO - [2023-03-17 14:04:19,266] {dag.py:2935} INFO - Setting next_dagrun for local_ingestion_v1.0 to 2023-03-16T00:00:00+00:00
[2023-03-17 14:04:19,392] {processor.py:171} INFO - Processing /opt/airflow/dags/data_ingestion_local.py took 3.640 seconds
[2023-03-17 14:04:50,236] {processor.py:163} INFO - Started process (PID=1305) to work on /opt/airflow/dags/data_ingestion_local.py
[2023-03-17 14:04:50,246] {processor.py:642} INFO - Processing file /opt/airflow/dags/data_ingestion_local.py for tasks to queue
[2023-03-17 14:04:50,263] {logging_mixin.py:109} INFO - [2023-03-17 14:04:50,261] {dagbag.py:500} INFO - Filling up the DagBag from /opt/airflow/dags/data_ingestion_local.py
[2023-03-17 14:04:54,190] {processor.py:654} INFO - DAG(s) dict_keys(['local_ingestion_v1.0']) retrieved from /opt/airflow/dags/data_ingestion_local.py
[2023-03-17 14:04:54,249] {logging_mixin.py:109} INFO - [2023-03-17 14:04:54,247] {dag.py:2396} INFO - Sync 1 DAGs
[2023-03-17 14:04:54,504] {logging_mixin.py:109} INFO - [2023-03-17 14:04:54,503] {dag.py:2935} INFO - Setting next_dagrun for local_ingestion_v1.0 to 2023-03-16T00:00:00+00:00
[2023-03-17 14:04:54,591] {processor.py:171} INFO - Processing /opt/airflow/dags/data_ingestion_local.py took 4.372 seconds
[2023-03-17 14:05:24,982] {processor.py:163} INFO - Started process (PID=1348) to work on /opt/airflow/dags/data_ingestion_local.py
[2023-03-17 14:05:24,990] {processor.py:642} INFO - Processing file /opt/airflow/dags/data_ingestion_local.py for tasks to queue
[2023-03-17 14:05:24,997] {logging_mixin.py:109} INFO - [2023-03-17 14:05:24,996] {dagbag.py:500} INFO - Filling up the DagBag from /opt/airflow/dags/data_ingestion_local.py
[2023-03-17 14:05:29,578] {processor.py:654} INFO - DAG(s) dict_keys(['local_ingestion_v1.0']) retrieved from /opt/airflow/dags/data_ingestion_local.py
[2023-03-17 14:05:29,666] {logging_mixin.py:109} INFO - [2023-03-17 14:05:29,664] {dag.py:2396} INFO - Sync 1 DAGs
[2023-03-17 14:05:29,858] {logging_mixin.py:109} INFO - [2023-03-17 14:05:29,857] {dag.py:2935} INFO - Setting next_dagrun for local_ingestion_v1.0 to 2023-03-16T00:00:00+00:00
[2023-03-17 14:05:29,902] {processor.py:171} INFO - Processing /opt/airflow/dags/data_ingestion_local.py took 4.938 seconds
[2023-03-17 14:05:52,613] {processor.py:163} INFO - Started process (PID=1375) to work on /opt/airflow/dags/data_ingestion_local.py
[2023-03-17 14:05:52,622] {processor.py:642} INFO - Processing file /opt/airflow/dags/data_ingestion_local.py for tasks to queue
[2023-03-17 14:05:52,629] {logging_mixin.py:109} INFO - [2023-03-17 14:05:52,628] {dagbag.py:500} INFO - Filling up the DagBag from /opt/airflow/dags/data_ingestion_local.py
[2023-03-17 14:05:56,675] {processor.py:654} INFO - DAG(s) dict_keys(['local_ingestion_v1.0']) retrieved from /opt/airflow/dags/data_ingestion_local.py
[2023-03-17 14:05:59,896] {logging_mixin.py:109} INFO - [2023-03-17 14:05:59,892] {dag.py:2396} INFO - Sync 1 DAGs
[2023-03-17 14:06:00,039] {logging_mixin.py:109} INFO - [2023-03-17 14:06:00,038] {dag.py:2935} INFO - Setting next_dagrun for local_ingestion_v1.0 to 2023-03-16T00:00:00+00:00
[2023-03-17 14:06:00,123] {processor.py:171} INFO - Processing /opt/airflow/dags/data_ingestion_local.py took 7.527 seconds
[2023-03-17 14:06:21,219] {processor.py:163} INFO - Started process (PID=1414) to work on /opt/airflow/dags/data_ingestion_local.py
[2023-03-17 14:06:21,225] {processor.py:642} INFO - Processing file /opt/airflow/dags/data_ingestion_local.py for tasks to queue
[2023-03-17 14:06:21,246] {logging_mixin.py:109} INFO - [2023-03-17 14:06:21,246] {dagbag.py:500} INFO - Filling up the DagBag from /opt/airflow/dags/data_ingestion_local.py
[2023-03-17 14:06:26,741] {processor.py:654} INFO - DAG(s) dict_keys(['local_ingestion_v1.0']) retrieved from /opt/airflow/dags/data_ingestion_local.py
[2023-03-17 14:06:26,807] {logging_mixin.py:109} INFO - [2023-03-17 14:06:26,805] {dag.py:2396} INFO - Sync 1 DAGs
[2023-03-17 14:06:26,935] {logging_mixin.py:109} INFO - [2023-03-17 14:06:26,932] {dag.py:2935} INFO - Setting next_dagrun for local_ingestion_v1.0 to 2023-03-16T00:00:00+00:00
[2023-03-17 14:06:27,106] {processor.py:171} INFO - Processing /opt/airflow/dags/data_ingestion_local.py took 5.896 seconds
[2023-03-17 14:06:57,799] {processor.py:163} INFO - Started process (PID=1442) to work on /opt/airflow/dags/data_ingestion_local.py
[2023-03-17 14:06:57,803] {processor.py:642} INFO - Processing file /opt/airflow/dags/data_ingestion_local.py for tasks to queue
[2023-03-17 14:06:57,807] {logging_mixin.py:109} INFO - [2023-03-17 14:06:57,806] {dagbag.py:500} INFO - Filling up the DagBag from /opt/airflow/dags/data_ingestion_local.py
[2023-03-17 14:07:00,761] {processor.py:654} INFO - DAG(s) dict_keys(['local_ingestion_v1.0']) retrieved from /opt/airflow/dags/data_ingestion_local.py
[2023-03-17 14:07:00,869] {logging_mixin.py:109} INFO - [2023-03-17 14:07:00,866] {dag.py:2396} INFO - Sync 1 DAGs
[2023-03-17 14:07:00,980] {logging_mixin.py:109} INFO - [2023-03-17 14:07:00,979] {dag.py:2935} INFO - Setting next_dagrun for local_ingestion_v1.0 to 2023-03-16T00:00:00+00:00
[2023-03-17 14:07:01,018] {processor.py:171} INFO - Processing /opt/airflow/dags/data_ingestion_local.py took 3.230 seconds
[2023-03-17 14:07:31,927] {processor.py:163} INFO - Started process (PID=1513) to work on /opt/airflow/dags/data_ingestion_local.py
[2023-03-17 14:07:31,935] {processor.py:642} INFO - Processing file /opt/airflow/dags/data_ingestion_local.py for tasks to queue
[2023-03-17 14:07:31,945] {logging_mixin.py:109} INFO - [2023-03-17 14:07:31,944] {dagbag.py:500} INFO - Filling up the DagBag from /opt/airflow/dags/data_ingestion_local.py
[2023-03-17 14:07:35,370] {processor.py:654} INFO - DAG(s) dict_keys(['local_ingestion_v1.0']) retrieved from /opt/airflow/dags/data_ingestion_local.py
[2023-03-17 14:07:35,413] {logging_mixin.py:109} INFO - [2023-03-17 14:07:35,412] {dag.py:2396} INFO - Sync 1 DAGs
[2023-03-17 14:07:35,536] {processor.py:171} INFO - Processing /opt/airflow/dags/data_ingestion_local.py took 3.624 seconds
[2023-03-17 14:08:05,900] {processor.py:163} INFO - Started process (PID=1556) to work on /opt/airflow/dags/data_ingestion_local.py
[2023-03-17 14:08:05,912] {processor.py:642} INFO - Processing file /opt/airflow/dags/data_ingestion_local.py for tasks to queue
[2023-03-17 14:08:05,919] {logging_mixin.py:109} INFO - [2023-03-17 14:08:05,919] {dagbag.py:500} INFO - Filling up the DagBag from /opt/airflow/dags/data_ingestion_local.py
[2023-03-17 14:08:10,651] {processor.py:654} INFO - DAG(s) dict_keys(['local_ingestion_v1.0']) retrieved from /opt/airflow/dags/data_ingestion_local.py
[2023-03-17 14:08:10,737] {logging_mixin.py:109} INFO - [2023-03-17 14:08:10,733] {dag.py:2396} INFO - Sync 1 DAGs
[2023-03-17 14:08:10,892] {processor.py:171} INFO - Processing /opt/airflow/dags/data_ingestion_local.py took 5.002 seconds
[2023-03-17 14:08:41,437] {processor.py:163} INFO - Started process (PID=1598) to work on /opt/airflow/dags/data_ingestion_local.py
[2023-03-17 14:08:41,450] {processor.py:642} INFO - Processing file /opt/airflow/dags/data_ingestion_local.py for tasks to queue
[2023-03-17 14:08:41,456] {logging_mixin.py:109} INFO - [2023-03-17 14:08:41,455] {dagbag.py:500} INFO - Filling up the DagBag from /opt/airflow/dags/data_ingestion_local.py
[2023-03-17 14:08:44,712] {processor.py:654} INFO - DAG(s) dict_keys(['local_ingestion_v1.0']) retrieved from /opt/airflow/dags/data_ingestion_local.py
[2023-03-17 14:08:44,784] {logging_mixin.py:109} INFO - [2023-03-17 14:08:44,781] {dag.py:2396} INFO - Sync 1 DAGs
[2023-03-17 14:08:44,876] {processor.py:171} INFO - Processing /opt/airflow/dags/data_ingestion_local.py took 3.460 seconds
[2023-03-17 14:09:15,188] {processor.py:163} INFO - Started process (PID=1625) to work on /opt/airflow/dags/data_ingestion_local.py
[2023-03-17 14:09:15,193] {processor.py:642} INFO - Processing file /opt/airflow/dags/data_ingestion_local.py for tasks to queue
[2023-03-17 14:09:15,196] {logging_mixin.py:109} INFO - [2023-03-17 14:09:15,196] {dagbag.py:500} INFO - Filling up the DagBag from /opt/airflow/dags/data_ingestion_local.py
[2023-03-17 14:09:17,502] {processor.py:654} INFO - DAG(s) dict_keys(['local_ingestion_v1.0']) retrieved from /opt/airflow/dags/data_ingestion_local.py
[2023-03-17 14:09:17,540] {logging_mixin.py:109} INFO - [2023-03-17 14:09:17,538] {dag.py:2396} INFO - Sync 1 DAGs
[2023-03-17 14:09:17,622] {processor.py:171} INFO - Processing /opt/airflow/dags/data_ingestion_local.py took 2.442 seconds
[2023-03-17 14:09:48,135] {processor.py:163} INFO - Started process (PID=1667) to work on /opt/airflow/dags/data_ingestion_local.py
[2023-03-17 14:09:48,142] {processor.py:642} INFO - Processing file /opt/airflow/dags/data_ingestion_local.py for tasks to queue
[2023-03-17 14:09:48,146] {logging_mixin.py:109} INFO - [2023-03-17 14:09:48,146] {dagbag.py:500} INFO - Filling up the DagBag from /opt/airflow/dags/data_ingestion_local.py
[2023-03-17 14:09:51,449] {processor.py:654} INFO - DAG(s) dict_keys(['local_ingestion_v1.0']) retrieved from /opt/airflow/dags/data_ingestion_local.py
[2023-03-17 14:09:51,493] {logging_mixin.py:109} INFO - [2023-03-17 14:09:51,492] {dag.py:2396} INFO - Sync 1 DAGs
[2023-03-17 14:09:51,603] {processor.py:171} INFO - Processing /opt/airflow/dags/data_ingestion_local.py took 3.485 seconds
[2023-03-17 14:10:21,997] {processor.py:163} INFO - Started process (PID=1709) to work on /opt/airflow/dags/data_ingestion_local.py
[2023-03-17 14:10:22,011] {processor.py:642} INFO - Processing file /opt/airflow/dags/data_ingestion_local.py for tasks to queue
[2023-03-17 14:10:22,026] {logging_mixin.py:109} INFO - [2023-03-17 14:10:22,023] {dagbag.py:500} INFO - Filling up the DagBag from /opt/airflow/dags/data_ingestion_local.py
[2023-03-17 14:10:28,109] {processor.py:654} INFO - DAG(s) dict_keys(['local_ingestion_v1.0']) retrieved from /opt/airflow/dags/data_ingestion_local.py
[2023-03-17 14:10:30,310] {logging_mixin.py:109} INFO - [2023-03-17 14:10:30,309] {dag.py:2396} INFO - Sync 1 DAGs
[2023-03-17 14:10:30,463] {processor.py:171} INFO - Processing /opt/airflow/dags/data_ingestion_local.py took 8.487 seconds
[2023-03-17 14:11:01,105] {processor.py:163} INFO - Started process (PID=1774) to work on /opt/airflow/dags/data_ingestion_local.py
[2023-03-17 14:11:01,110] {processor.py:642} INFO - Processing file /opt/airflow/dags/data_ingestion_local.py for tasks to queue
[2023-03-17 14:11:01,114] {logging_mixin.py:109} INFO - [2023-03-17 14:11:01,113] {dagbag.py:500} INFO - Filling up the DagBag from /opt/airflow/dags/data_ingestion_local.py
[2023-03-17 14:11:04,930] {processor.py:654} INFO - DAG(s) dict_keys(['local_ingestion_v1.0']) retrieved from /opt/airflow/dags/data_ingestion_local.py
[2023-03-17 14:11:05,058] {logging_mixin.py:109} INFO - [2023-03-17 14:11:05,055] {dag.py:2396} INFO - Sync 1 DAGs
[2023-03-17 14:11:05,302] {processor.py:171} INFO - Processing /opt/airflow/dags/data_ingestion_local.py took 4.207 seconds
[2023-03-17 14:11:35,709] {processor.py:163} INFO - Started process (PID=1808) to work on /opt/airflow/dags/data_ingestion_local.py
[2023-03-17 14:11:35,715] {processor.py:642} INFO - Processing file /opt/airflow/dags/data_ingestion_local.py for tasks to queue
[2023-03-17 14:11:35,717] {logging_mixin.py:109} INFO - [2023-03-17 14:11:35,717] {dagbag.py:500} INFO - Filling up the DagBag from /opt/airflow/dags/data_ingestion_local.py
[2023-03-17 14:11:37,819] {processor.py:654} INFO - DAG(s) dict_keys(['local_ingestion_v1.0']) retrieved from /opt/airflow/dags/data_ingestion_local.py
[2023-03-17 14:11:37,856] {logging_mixin.py:109} INFO - [2023-03-17 14:11:37,855] {dag.py:2396} INFO - Sync 1 DAGs
[2023-03-17 14:11:37,926] {processor.py:171} INFO - Processing /opt/airflow/dags/data_ingestion_local.py took 2.226 seconds
[2023-03-17 14:12:08,145] {processor.py:163} INFO - Started process (PID=1850) to work on /opt/airflow/dags/data_ingestion_local.py
[2023-03-17 14:12:08,155] {processor.py:642} INFO - Processing file /opt/airflow/dags/data_ingestion_local.py for tasks to queue
[2023-03-17 14:12:08,159] {logging_mixin.py:109} INFO - [2023-03-17 14:12:08,159] {dagbag.py:500} INFO - Filling up the DagBag from /opt/airflow/dags/data_ingestion_local.py
[2023-03-17 14:12:11,225] {processor.py:654} INFO - DAG(s) dict_keys(['local_ingestion_v1.0']) retrieved from /opt/airflow/dags/data_ingestion_local.py
[2023-03-17 14:12:11,268] {logging_mixin.py:109} INFO - [2023-03-17 14:12:11,266] {dag.py:2396} INFO - Sync 1 DAGs
[2023-03-17 14:12:11,376] {processor.py:171} INFO - Processing /opt/airflow/dags/data_ingestion_local.py took 3.240 seconds
[2023-03-17 14:12:41,721] {processor.py:163} INFO - Started process (PID=1892) to work on /opt/airflow/dags/data_ingestion_local.py
[2023-03-17 14:12:41,736] {processor.py:642} INFO - Processing file /opt/airflow/dags/data_ingestion_local.py for tasks to queue
[2023-03-17 14:12:41,740] {logging_mixin.py:109} INFO - [2023-03-17 14:12:41,740] {dagbag.py:500} INFO - Filling up the DagBag from /opt/airflow/dags/data_ingestion_local.py
[2023-03-17 14:12:44,637] {processor.py:654} INFO - DAG(s) dict_keys(['local_ingestion_v1.0']) retrieved from /opt/airflow/dags/data_ingestion_local.py
[2023-03-17 14:12:44,733] {logging_mixin.py:109} INFO - [2023-03-17 14:12:44,729] {dag.py:2396} INFO - Sync 1 DAGs
[2023-03-17 14:12:44,935] {processor.py:171} INFO - Processing /opt/airflow/dags/data_ingestion_local.py took 3.230 seconds
[2023-03-17 14:12:56,967] {processor.py:163} INFO - Started process (PID=1902) to work on /opt/airflow/dags/data_ingestion_local.py
[2023-03-17 14:12:56,991] {processor.py:642} INFO - Processing file /opt/airflow/dags/data_ingestion_local.py for tasks to queue
[2023-03-17 14:12:57,011] {logging_mixin.py:109} INFO - [2023-03-17 14:12:57,007] {dagbag.py:500} INFO - Filling up the DagBag from /opt/airflow/dags/data_ingestion_local.py
[2023-03-17 14:13:02,782] {processor.py:654} INFO - DAG(s) dict_keys(['local_ingestion_v1.0']) retrieved from /opt/airflow/dags/data_ingestion_local.py
[2023-03-17 14:13:05,351] {logging_mixin.py:109} INFO - [2023-03-17 14:13:05,349] {dag.py:2396} INFO - Sync 1 DAGs
[2023-03-17 14:13:05,556] {processor.py:171} INFO - Processing /opt/airflow/dags/data_ingestion_local.py took 8.617 seconds
[2023-03-17 14:13:36,213] {processor.py:163} INFO - Started process (PID=1975) to work on /opt/airflow/dags/data_ingestion_local.py
[2023-03-17 14:13:36,223] {processor.py:642} INFO - Processing file /opt/airflow/dags/data_ingestion_local.py for tasks to queue
[2023-03-17 14:13:36,236] {logging_mixin.py:109} INFO - [2023-03-17 14:13:36,236] {dagbag.py:500} INFO - Filling up the DagBag from /opt/airflow/dags/data_ingestion_local.py
[2023-03-17 14:13:44,347] {processor.py:654} INFO - DAG(s) dict_keys(['local_ingestion_v1.0']) retrieved from /opt/airflow/dags/data_ingestion_local.py
[2023-03-17 14:13:44,461] {logging_mixin.py:109} INFO - [2023-03-17 14:13:44,459] {dag.py:2396} INFO - Sync 1 DAGs
[2023-03-17 14:13:44,582] {processor.py:171} INFO - Processing /opt/airflow/dags/data_ingestion_local.py took 8.396 seconds
[2023-03-17 14:14:15,038] {processor.py:163} INFO - Started process (PID=2026) to work on /opt/airflow/dags/data_ingestion_local.py
[2023-03-17 14:14:15,044] {processor.py:642} INFO - Processing file /opt/airflow/dags/data_ingestion_local.py for tasks to queue
[2023-03-17 14:14:15,049] {logging_mixin.py:109} INFO - [2023-03-17 14:14:15,048] {dagbag.py:500} INFO - Filling up the DagBag from /opt/airflow/dags/data_ingestion_local.py
[2023-03-17 14:14:17,270] {processor.py:654} INFO - DAG(s) dict_keys(['local_ingestion_v1.0']) retrieved from /opt/airflow/dags/data_ingestion_local.py
[2023-03-17 14:14:17,302] {logging_mixin.py:109} INFO - [2023-03-17 14:14:17,300] {dag.py:2396} INFO - Sync 1 DAGs
[2023-03-17 14:14:17,358] {logging_mixin.py:109} INFO - [2023-03-17 14:14:17,357] {dag.py:2935} INFO - Setting next_dagrun for local_ingestion_v1.0 to 2023-03-16T00:00:00+00:00
[2023-03-17 14:14:17,393] {processor.py:171} INFO - Processing /opt/airflow/dags/data_ingestion_local.py took 2.365 seconds
[2023-03-17 14:14:47,700] {processor.py:163} INFO - Started process (PID=2069) to work on /opt/airflow/dags/data_ingestion_local.py
[2023-03-17 14:14:47,707] {processor.py:642} INFO - Processing file /opt/airflow/dags/data_ingestion_local.py for tasks to queue
[2023-03-17 14:14:47,712] {logging_mixin.py:109} INFO - [2023-03-17 14:14:47,712] {dagbag.py:500} INFO - Filling up the DagBag from /opt/airflow/dags/data_ingestion_local.py
[2023-03-17 14:14:50,871] {processor.py:654} INFO - DAG(s) dict_keys(['local_ingestion_v1.0']) retrieved from /opt/airflow/dags/data_ingestion_local.py
[2023-03-17 14:14:50,914] {logging_mixin.py:109} INFO - [2023-03-17 14:14:50,912] {dag.py:2396} INFO - Sync 1 DAGs
[2023-03-17 14:14:50,993] {logging_mixin.py:109} INFO - [2023-03-17 14:14:50,993] {dag.py:2935} INFO - Setting next_dagrun for local_ingestion_v1.0 to 2023-03-16T00:00:00+00:00
[2023-03-17 14:14:51,021] {processor.py:171} INFO - Processing /opt/airflow/dags/data_ingestion_local.py took 3.331 seconds
[2023-03-17 14:15:21,456] {processor.py:163} INFO - Started process (PID=2111) to work on /opt/airflow/dags/data_ingestion_local.py
[2023-03-17 14:15:21,463] {processor.py:642} INFO - Processing file /opt/airflow/dags/data_ingestion_local.py for tasks to queue
[2023-03-17 14:15:21,471] {logging_mixin.py:109} INFO - [2023-03-17 14:15:21,470] {dagbag.py:500} INFO - Filling up the DagBag from /opt/airflow/dags/data_ingestion_local.py
[2023-03-17 14:15:25,030] {processor.py:654} INFO - DAG(s) dict_keys(['local_ingestion_v1.0']) retrieved from /opt/airflow/dags/data_ingestion_local.py
[2023-03-17 14:15:25,084] {logging_mixin.py:109} INFO - [2023-03-17 14:15:25,083] {dag.py:2396} INFO - Sync 1 DAGs
[2023-03-17 14:15:25,167] {logging_mixin.py:109} INFO - [2023-03-17 14:15:25,166] {dag.py:2935} INFO - Setting next_dagrun for local_ingestion_v1.0 to 2023-03-16T00:00:00+00:00
[2023-03-17 14:15:25,196] {processor.py:171} INFO - Processing /opt/airflow/dags/data_ingestion_local.py took 3.760 seconds
[2023-03-17 14:15:55,689] {processor.py:163} INFO - Started process (PID=2136) to work on /opt/airflow/dags/data_ingestion_local.py
[2023-03-17 14:15:55,694] {processor.py:642} INFO - Processing file /opt/airflow/dags/data_ingestion_local.py for tasks to queue
[2023-03-17 14:15:55,697] {logging_mixin.py:109} INFO - [2023-03-17 14:15:55,697] {dagbag.py:500} INFO - Filling up the DagBag from /opt/airflow/dags/data_ingestion_local.py
[2023-03-17 14:15:58,316] {processor.py:654} INFO - DAG(s) dict_keys(['local_ingestion_v1.0']) retrieved from /opt/airflow/dags/data_ingestion_local.py
[2023-03-17 14:15:58,361] {logging_mixin.py:109} INFO - [2023-03-17 14:15:58,360] {dag.py:2396} INFO - Sync 1 DAGs
[2023-03-17 14:15:58,431] {logging_mixin.py:109} INFO - [2023-03-17 14:15:58,430] {dag.py:2935} INFO - Setting next_dagrun for local_ingestion_v1.0 to 2023-03-16T00:00:00+00:00
[2023-03-17 14:15:58,473] {processor.py:171} INFO - Processing /opt/airflow/dags/data_ingestion_local.py took 2.805 seconds
[2023-03-17 14:16:28,735] {processor.py:163} INFO - Started process (PID=2179) to work on /opt/airflow/dags/data_ingestion_local.py
[2023-03-17 14:16:28,746] {processor.py:642} INFO - Processing file /opt/airflow/dags/data_ingestion_local.py for tasks to queue
[2023-03-17 14:16:28,754] {logging_mixin.py:109} INFO - [2023-03-17 14:16:28,753] {dagbag.py:500} INFO - Filling up the DagBag from /opt/airflow/dags/data_ingestion_local.py
[2023-03-17 14:16:32,789] {processor.py:654} INFO - DAG(s) dict_keys(['local_ingestion_v1.0']) retrieved from /opt/airflow/dags/data_ingestion_local.py
[2023-03-17 14:16:35,013] {logging_mixin.py:109} INFO - [2023-03-17 14:16:35,011] {dag.py:2396} INFO - Sync 1 DAGs
[2023-03-17 14:16:35,097] {logging_mixin.py:109} INFO - [2023-03-17 14:16:35,097] {dag.py:2935} INFO - Setting next_dagrun for local_ingestion_v1.0 to 2023-03-16T00:00:00+00:00
[2023-03-17 14:16:35,160] {processor.py:171} INFO - Processing /opt/airflow/dags/data_ingestion_local.py took 6.443 seconds
[2023-03-17 14:17:05,467] {processor.py:163} INFO - Started process (PID=2244) to work on /opt/airflow/dags/data_ingestion_local.py
[2023-03-17 14:17:05,489] {processor.py:642} INFO - Processing file /opt/airflow/dags/data_ingestion_local.py for tasks to queue
[2023-03-17 14:17:05,503] {logging_mixin.py:109} INFO - [2023-03-17 14:17:05,500] {dagbag.py:500} INFO - Filling up the DagBag from /opt/airflow/dags/data_ingestion_local.py
[2023-03-17 14:17:09,165] {processor.py:654} INFO - DAG(s) dict_keys(['local_ingestion_v1.0']) retrieved from /opt/airflow/dags/data_ingestion_local.py
[2023-03-17 14:17:11,842] {logging_mixin.py:109} INFO - [2023-03-17 14:17:11,815] {dag.py:2396} INFO - Sync 1 DAGs
[2023-03-17 14:17:12,590] {processor.py:171} INFO - Processing /opt/airflow/dags/data_ingestion_local.py took 7.151 seconds
[2023-03-17 14:17:43,449] {processor.py:163} INFO - Started process (PID=2300) to work on /opt/airflow/dags/data_ingestion_local.py
[2023-03-17 14:17:43,470] {processor.py:642} INFO - Processing file /opt/airflow/dags/data_ingestion_local.py for tasks to queue
[2023-03-17 14:17:43,481] {logging_mixin.py:109} INFO - [2023-03-17 14:17:43,480] {dagbag.py:500} INFO - Filling up the DagBag from /opt/airflow/dags/data_ingestion_local.py
[2023-03-17 14:17:47,126] {processor.py:654} INFO - DAG(s) dict_keys(['local_ingestion_v1.0']) retrieved from /opt/airflow/dags/data_ingestion_local.py
[2023-03-17 14:17:47,170] {logging_mixin.py:109} INFO - [2023-03-17 14:17:47,168] {dag.py:2396} INFO - Sync 1 DAGs
[2023-03-17 14:17:47,274] {processor.py:171} INFO - Processing /opt/airflow/dags/data_ingestion_local.py took 3.850 seconds
[2023-03-17 14:17:52,701] {processor.py:163} INFO - Started process (PID=2310) to work on /opt/airflow/dags/data_ingestion_local.py
[2023-03-17 14:17:52,707] {processor.py:642} INFO - Processing file /opt/airflow/dags/data_ingestion_local.py for tasks to queue
[2023-03-17 14:17:52,711] {logging_mixin.py:109} INFO - [2023-03-17 14:17:52,710] {dagbag.py:500} INFO - Filling up the DagBag from /opt/airflow/dags/data_ingestion_local.py
[2023-03-17 14:17:57,670] {processor.py:654} INFO - DAG(s) dict_keys(['local_ingestion_v1.0']) retrieved from /opt/airflow/dags/data_ingestion_local.py
[2023-03-17 14:17:59,369] {logging_mixin.py:109} INFO - [2023-03-17 14:17:59,368] {dag.py:2396} INFO - Sync 1 DAGs
[2023-03-17 14:17:59,555] {processor.py:171} INFO - Processing /opt/airflow/dags/data_ingestion_local.py took 6.871 seconds
[2023-03-17 14:18:30,006] {processor.py:163} INFO - Started process (PID=2351) to work on /opt/airflow/dags/data_ingestion_local.py
[2023-03-17 14:18:30,014] {processor.py:642} INFO - Processing file /opt/airflow/dags/data_ingestion_local.py for tasks to queue
[2023-03-17 14:18:30,020] {logging_mixin.py:109} INFO - [2023-03-17 14:18:30,018] {dagbag.py:500} INFO - Filling up the DagBag from /opt/airflow/dags/data_ingestion_local.py
[2023-03-17 14:18:34,398] {processor.py:654} INFO - DAG(s) dict_keys(['local_ingestion_v1.0']) retrieved from /opt/airflow/dags/data_ingestion_local.py
[2023-03-17 14:18:34,468] {logging_mixin.py:109} INFO - [2023-03-17 14:18:34,466] {dag.py:2396} INFO - Sync 1 DAGs
[2023-03-17 14:18:34,634] {processor.py:171} INFO - Processing /opt/airflow/dags/data_ingestion_local.py took 4.638 seconds
[2023-03-17 14:19:05,192] {processor.py:163} INFO - Started process (PID=2433) to work on /opt/airflow/dags/data_ingestion_local.py
[2023-03-17 14:19:05,197] {processor.py:642} INFO - Processing file /opt/airflow/dags/data_ingestion_local.py for tasks to queue
[2023-03-17 14:19:05,200] {logging_mixin.py:109} INFO - [2023-03-17 14:19:05,200] {dagbag.py:500} INFO - Filling up the DagBag from /opt/airflow/dags/data_ingestion_local.py
[2023-03-17 14:19:08,248] {processor.py:654} INFO - DAG(s) dict_keys(['local_ingestion_v1.0']) retrieved from /opt/airflow/dags/data_ingestion_local.py
[2023-03-17 14:19:08,286] {logging_mixin.py:109} INFO - [2023-03-17 14:19:08,285] {dag.py:2396} INFO - Sync 1 DAGs
[2023-03-17 14:19:08,389] {processor.py:171} INFO - Processing /opt/airflow/dags/data_ingestion_local.py took 3.206 seconds
[2023-03-17 14:19:39,024] {processor.py:163} INFO - Started process (PID=2468) to work on /opt/airflow/dags/data_ingestion_local.py
[2023-03-17 14:19:39,031] {processor.py:642} INFO - Processing file /opt/airflow/dags/data_ingestion_local.py for tasks to queue
[2023-03-17 14:19:39,043] {logging_mixin.py:109} INFO - [2023-03-17 14:19:39,041] {dagbag.py:500} INFO - Filling up the DagBag from /opt/airflow/dags/data_ingestion_local.py
[2023-03-17 14:19:43,049] {processor.py:654} INFO - DAG(s) dict_keys(['local_ingestion_v1.0']) retrieved from /opt/airflow/dags/data_ingestion_local.py
[2023-03-17 14:19:43,106] {logging_mixin.py:109} INFO - [2023-03-17 14:19:43,103] {dag.py:2396} INFO - Sync 1 DAGs
[2023-03-17 14:19:43,201] {processor.py:171} INFO - Processing /opt/airflow/dags/data_ingestion_local.py took 4.195 seconds
[2023-03-17 14:20:13,980] {processor.py:163} INFO - Started process (PID=2499) to work on /opt/airflow/dags/data_ingestion_local.py
[2023-03-17 14:20:14,005] {processor.py:642} INFO - Processing file /opt/airflow/dags/data_ingestion_local.py for tasks to queue
[2023-03-17 14:20:14,012] {logging_mixin.py:109} INFO - [2023-03-17 14:20:14,011] {dagbag.py:500} INFO - Filling up the DagBag from /opt/airflow/dags/data_ingestion_local.py
[2023-03-17 14:20:17,751] {processor.py:654} INFO - DAG(s) dict_keys(['local_ingestion_v1.0']) retrieved from /opt/airflow/dags/data_ingestion_local.py
[2023-03-17 14:20:17,807] {logging_mixin.py:109} INFO - [2023-03-17 14:20:17,805] {dag.py:2396} INFO - Sync 1 DAGs
[2023-03-17 14:20:17,885] {processor.py:171} INFO - Processing /opt/airflow/dags/data_ingestion_local.py took 3.940 seconds
[2023-03-17 14:20:29,193] {processor.py:163} INFO - Started process (PID=2525) to work on /opt/airflow/dags/data_ingestion_local.py
[2023-03-17 14:20:29,202] {processor.py:642} INFO - Processing file /opt/airflow/dags/data_ingestion_local.py for tasks to queue
[2023-03-17 14:20:29,205] {logging_mixin.py:109} INFO - [2023-03-17 14:20:29,205] {dagbag.py:500} INFO - Filling up the DagBag from /opt/airflow/dags/data_ingestion_local.py
[2023-03-17 14:20:36,235] {processor.py:654} INFO - DAG(s) dict_keys(['local_ingestion_v1.0']) retrieved from /opt/airflow/dags/data_ingestion_local.py
[2023-03-17 14:20:40,397] {logging_mixin.py:109} INFO - [2023-03-17 14:20:40,395] {dag.py:2396} INFO - Sync 1 DAGs
[2023-03-17 14:20:40,841] {processor.py:171} INFO - Processing /opt/airflow/dags/data_ingestion_local.py took 11.656 seconds
[2023-03-17 14:21:11,622] {processor.py:163} INFO - Started process (PID=2575) to work on /opt/airflow/dags/data_ingestion_local.py
[2023-03-17 14:21:11,628] {processor.py:642} INFO - Processing file /opt/airflow/dags/data_ingestion_local.py for tasks to queue
[2023-03-17 14:21:11,633] {logging_mixin.py:109} INFO - [2023-03-17 14:21:11,632] {dagbag.py:500} INFO - Filling up the DagBag from /opt/airflow/dags/data_ingestion_local.py
[2023-03-17 14:21:16,916] {processor.py:654} INFO - DAG(s) dict_keys(['local_ingestion_v1.0']) retrieved from /opt/airflow/dags/data_ingestion_local.py
[2023-03-17 14:21:16,973] {logging_mixin.py:109} INFO - [2023-03-17 14:21:16,971] {dag.py:2396} INFO - Sync 1 DAGs
[2023-03-17 14:21:17,067] {processor.py:171} INFO - Processing /opt/airflow/dags/data_ingestion_local.py took 5.461 seconds
[2023-03-17 14:21:47,638] {processor.py:163} INFO - Started process (PID=2656) to work on /opt/airflow/dags/data_ingestion_local.py
[2023-03-17 14:21:47,652] {processor.py:642} INFO - Processing file /opt/airflow/dags/data_ingestion_local.py for tasks to queue
[2023-03-17 14:21:47,662] {logging_mixin.py:109} INFO - [2023-03-17 14:21:47,661] {dagbag.py:500} INFO - Filling up the DagBag from /opt/airflow/dags/data_ingestion_local.py
[2023-03-17 14:21:53,054] {processor.py:654} INFO - DAG(s) dict_keys(['local_ingestion_v1.0']) retrieved from /opt/airflow/dags/data_ingestion_local.py
[2023-03-17 14:21:53,122] {logging_mixin.py:109} INFO - [2023-03-17 14:21:53,116] {dag.py:2396} INFO - Sync 1 DAGs
[2023-03-17 14:21:53,260] {processor.py:171} INFO - Processing /opt/airflow/dags/data_ingestion_local.py took 5.632 seconds
[2023-03-17 14:22:23,855] {processor.py:163} INFO - Started process (PID=2698) to work on /opt/airflow/dags/data_ingestion_local.py
[2023-03-17 14:22:23,872] {processor.py:642} INFO - Processing file /opt/airflow/dags/data_ingestion_local.py for tasks to queue
[2023-03-17 14:22:23,882] {logging_mixin.py:109} INFO - [2023-03-17 14:22:23,881] {dagbag.py:500} INFO - Filling up the DagBag from /opt/airflow/dags/data_ingestion_local.py
[2023-03-17 14:22:28,141] {processor.py:654} INFO - DAG(s) dict_keys(['local_ingestion_v1.0']) retrieved from /opt/airflow/dags/data_ingestion_local.py
[2023-03-17 14:22:28,223] {logging_mixin.py:109} INFO - [2023-03-17 14:22:28,219] {dag.py:2396} INFO - Sync 1 DAGs
[2023-03-17 14:22:28,356] {processor.py:171} INFO - Processing /opt/airflow/dags/data_ingestion_local.py took 4.518 seconds
[2023-03-17 14:22:34,520] {processor.py:163} INFO - Started process (PID=2708) to work on /opt/airflow/dags/data_ingestion_local.py
[2023-03-17 14:22:34,528] {processor.py:642} INFO - Processing file /opt/airflow/dags/data_ingestion_local.py for tasks to queue
[2023-03-17 14:22:34,535] {logging_mixin.py:109} INFO - [2023-03-17 14:22:34,534] {dagbag.py:500} INFO - Filling up the DagBag from /opt/airflow/dags/data_ingestion_local.py
[2023-03-17 14:22:38,468] {logging_mixin.py:109} INFO - [2023-03-17 14:22:38,440] {dagbag.py:334} ERROR - Failed to import: /opt/airflow/dags/data_ingestion_local.py
Traceback (most recent call last):
  File "/home/airflow/.local/lib/python3.7/site-packages/airflow/models/dagbag.py", line 331, in _load_modules_from_file
    loader.exec_module(new_module)
  File "<frozen importlib._bootstrap_external>", line 728, in exec_module
  File "<frozen importlib._bootstrap>", line 219, in _call_with_frames_removed
  File "/opt/airflow/dags/data_ingestion_local.py", line 79, in <module>
    """
  File "/home/airflow/.local/lib/python3.7/site-packages/airflow/models/baseoperator.py", line 188, in apply_defaults
    result = func(self, *args, **kwargs)
  File "/home/airflow/.local/lib/python3.7/site-packages/airflow/providers/postgres/operators/postgres.py", line 59, in __init__
    super().__init__(**kwargs)
  File "/home/airflow/.local/lib/python3.7/site-packages/airflow/models/baseoperator.py", line 188, in apply_defaults
    result = func(self, *args, **kwargs)
  File "/home/airflow/.local/lib/python3.7/site-packages/airflow/models/baseoperator.py", line 553, in __init__
    task_group.add(self)
  File "/home/airflow/.local/lib/python3.7/site-packages/airflow/utils/task_group.py", line 175, in add
    raise DuplicateTaskIdFound(f"Task id '{key}' has already been added to the DAG")
airflow.exceptions.DuplicateTaskIdFound: Task id 'insert_logs_task' has already been added to the DAG
[2023-03-17 14:22:38,539] {processor.py:690} INFO - Deactivated 1 DAGs which are no longer present in /opt/airflow/dags/data_ingestion_local.py
[2023-03-17 14:22:38,542] {processor.py:656} WARNING - No viable dags retrieved from /opt/airflow/dags/data_ingestion_local.py
[2023-03-17 14:22:38,585] {processor.py:171} INFO - Processing /opt/airflow/dags/data_ingestion_local.py took 4.078 seconds
[2023-03-17 14:23:09,806] {processor.py:163} INFO - Started process (PID=2751) to work on /opt/airflow/dags/data_ingestion_local.py
[2023-03-17 14:23:09,815] {processor.py:642} INFO - Processing file /opt/airflow/dags/data_ingestion_local.py for tasks to queue
[2023-03-17 14:23:09,823] {logging_mixin.py:109} INFO - [2023-03-17 14:23:09,821] {dagbag.py:500} INFO - Filling up the DagBag from /opt/airflow/dags/data_ingestion_local.py
[2023-03-17 14:23:14,523] {logging_mixin.py:109} INFO - [2023-03-17 14:23:14,499] {dagbag.py:334} ERROR - Failed to import: /opt/airflow/dags/data_ingestion_local.py
Traceback (most recent call last):
  File "/home/airflow/.local/lib/python3.7/site-packages/airflow/models/dagbag.py", line 331, in _load_modules_from_file
    loader.exec_module(new_module)
  File "<frozen importlib._bootstrap_external>", line 728, in exec_module
  File "<frozen importlib._bootstrap>", line 219, in _call_with_frames_removed
  File "/opt/airflow/dags/data_ingestion_local.py", line 79, in <module>
    """
  File "/home/airflow/.local/lib/python3.7/site-packages/airflow/models/baseoperator.py", line 188, in apply_defaults
    result = func(self, *args, **kwargs)
  File "/home/airflow/.local/lib/python3.7/site-packages/airflow/providers/postgres/operators/postgres.py", line 59, in __init__
    super().__init__(**kwargs)
  File "/home/airflow/.local/lib/python3.7/site-packages/airflow/models/baseoperator.py", line 188, in apply_defaults
    result = func(self, *args, **kwargs)
  File "/home/airflow/.local/lib/python3.7/site-packages/airflow/models/baseoperator.py", line 553, in __init__
    task_group.add(self)
  File "/home/airflow/.local/lib/python3.7/site-packages/airflow/utils/task_group.py", line 175, in add
    raise DuplicateTaskIdFound(f"Task id '{key}' has already been added to the DAG")
airflow.exceptions.DuplicateTaskIdFound: Task id 'insert_logs_task' has already been added to the DAG
[2023-03-17 14:23:14,593] {processor.py:656} WARNING - No viable dags retrieved from /opt/airflow/dags/data_ingestion_local.py
[2023-03-17 14:23:14,636] {processor.py:171} INFO - Processing /opt/airflow/dags/data_ingestion_local.py took 4.845 seconds
[2023-03-17 14:23:19,046] {processor.py:163} INFO - Started process (PID=2761) to work on /opt/airflow/dags/data_ingestion_local.py
[2023-03-17 14:23:19,057] {processor.py:642} INFO - Processing file /opt/airflow/dags/data_ingestion_local.py for tasks to queue
[2023-03-17 14:23:19,073] {logging_mixin.py:109} INFO - [2023-03-17 14:23:19,072] {dagbag.py:500} INFO - Filling up the DagBag from /opt/airflow/dags/data_ingestion_local.py
[2023-03-17 14:23:24,631] {processor.py:654} INFO - DAG(s) dict_keys(['local_ingestion_v1.0']) retrieved from /opt/airflow/dags/data_ingestion_local.py
[2023-03-17 14:23:26,913] {logging_mixin.py:109} INFO - [2023-03-17 14:23:26,912] {dag.py:2396} INFO - Sync 1 DAGs
[2023-03-17 14:23:27,128] {processor.py:171} INFO - Processing /opt/airflow/dags/data_ingestion_local.py took 8.092 seconds
[2023-03-17 14:23:58,328] {processor.py:163} INFO - Started process (PID=2826) to work on /opt/airflow/dags/data_ingestion_local.py
[2023-03-17 14:23:58,334] {processor.py:642} INFO - Processing file /opt/airflow/dags/data_ingestion_local.py for tasks to queue
[2023-03-17 14:23:58,339] {logging_mixin.py:109} INFO - [2023-03-17 14:23:58,339] {dagbag.py:500} INFO - Filling up the DagBag from /opt/airflow/dags/data_ingestion_local.py
[2023-03-17 14:24:02,635] {processor.py:654} INFO - DAG(s) dict_keys(['local_ingestion_v1.0']) retrieved from /opt/airflow/dags/data_ingestion_local.py
[2023-03-17 14:24:02,717] {logging_mixin.py:109} INFO - [2023-03-17 14:24:02,714] {dag.py:2396} INFO - Sync 1 DAGs
[2023-03-17 14:24:02,874] {processor.py:171} INFO - Processing /opt/airflow/dags/data_ingestion_local.py took 4.557 seconds
[2023-03-17 14:24:33,182] {processor.py:163} INFO - Started process (PID=2892) to work on /opt/airflow/dags/data_ingestion_local.py
[2023-03-17 14:24:33,189] {processor.py:642} INFO - Processing file /opt/airflow/dags/data_ingestion_local.py for tasks to queue
[2023-03-17 14:24:33,197] {logging_mixin.py:109} INFO - [2023-03-17 14:24:33,196] {dagbag.py:500} INFO - Filling up the DagBag from /opt/airflow/dags/data_ingestion_local.py
[2023-03-17 14:24:35,956] {processor.py:654} INFO - DAG(s) dict_keys(['local_ingestion_v1.0']) retrieved from /opt/airflow/dags/data_ingestion_local.py
[2023-03-17 14:24:35,993] {logging_mixin.py:109} INFO - [2023-03-17 14:24:35,992] {dag.py:2396} INFO - Sync 1 DAGs
[2023-03-17 14:24:36,138] {processor.py:171} INFO - Processing /opt/airflow/dags/data_ingestion_local.py took 2.970 seconds
[2023-03-17 14:25:07,209] {processor.py:163} INFO - Started process (PID=2933) to work on /opt/airflow/dags/data_ingestion_local.py
[2023-03-17 14:25:07,217] {processor.py:642} INFO - Processing file /opt/airflow/dags/data_ingestion_local.py for tasks to queue
[2023-03-17 14:25:07,221] {logging_mixin.py:109} INFO - [2023-03-17 14:25:07,220] {dagbag.py:500} INFO - Filling up the DagBag from /opt/airflow/dags/data_ingestion_local.py
[2023-03-17 14:25:11,021] {processor.py:654} INFO - DAG(s) dict_keys(['local_ingestion_v1.0']) retrieved from /opt/airflow/dags/data_ingestion_local.py
[2023-03-17 14:25:11,086] {logging_mixin.py:109} INFO - [2023-03-17 14:25:11,084] {dag.py:2396} INFO - Sync 1 DAGs
[2023-03-17 14:25:11,185] {processor.py:171} INFO - Processing /opt/airflow/dags/data_ingestion_local.py took 3.992 seconds
[2023-03-17 14:25:26,620] {processor.py:163} INFO - Started process (PID=2959) to work on /opt/airflow/dags/data_ingestion_local.py
[2023-03-17 14:25:26,633] {processor.py:642} INFO - Processing file /opt/airflow/dags/data_ingestion_local.py for tasks to queue
[2023-03-17 14:25:26,639] {logging_mixin.py:109} INFO - [2023-03-17 14:25:26,638] {dagbag.py:500} INFO - Filling up the DagBag from /opt/airflow/dags/data_ingestion_local.py
[2023-03-17 14:25:31,208] {processor.py:654} INFO - DAG(s) dict_keys(['local_ingestion_v1.0']) retrieved from /opt/airflow/dags/data_ingestion_local.py
[2023-03-17 14:25:33,853] {logging_mixin.py:109} INFO - [2023-03-17 14:25:33,852] {dag.py:2396} INFO - Sync 1 DAGs
[2023-03-17 14:25:33,984] {processor.py:171} INFO - Processing /opt/airflow/dags/data_ingestion_local.py took 7.394 seconds
[2023-03-17 14:26:04,669] {processor.py:163} INFO - Started process (PID=3016) to work on /opt/airflow/dags/data_ingestion_local.py
[2023-03-17 14:26:04,676] {processor.py:642} INFO - Processing file /opt/airflow/dags/data_ingestion_local.py for tasks to queue
[2023-03-17 14:26:04,686] {logging_mixin.py:109} INFO - [2023-03-17 14:26:04,685] {dagbag.py:500} INFO - Filling up the DagBag from /opt/airflow/dags/data_ingestion_local.py
[2023-03-17 14:26:08,585] {processor.py:654} INFO - DAG(s) dict_keys(['local_ingestion_v1.0']) retrieved from /opt/airflow/dags/data_ingestion_local.py
[2023-03-17 14:26:08,637] {logging_mixin.py:109} INFO - [2023-03-17 14:26:08,635] {dag.py:2396} INFO - Sync 1 DAGs
[2023-03-17 14:26:08,731] {processor.py:171} INFO - Processing /opt/airflow/dags/data_ingestion_local.py took 4.071 seconds
[2023-03-17 14:26:39,229] {processor.py:163} INFO - Started process (PID=3072) to work on /opt/airflow/dags/data_ingestion_local.py
[2023-03-17 14:26:39,234] {processor.py:642} INFO - Processing file /opt/airflow/dags/data_ingestion_local.py for tasks to queue
[2023-03-17 14:26:39,237] {logging_mixin.py:109} INFO - [2023-03-17 14:26:39,236] {dagbag.py:500} INFO - Filling up the DagBag from /opt/airflow/dags/data_ingestion_local.py
[2023-03-17 14:26:42,866] {processor.py:654} INFO - DAG(s) dict_keys(['local_ingestion_v1.0']) retrieved from /opt/airflow/dags/data_ingestion_local.py
[2023-03-17 14:26:42,981] {logging_mixin.py:109} INFO - [2023-03-17 14:26:42,977] {dag.py:2396} INFO - Sync 1 DAGs
[2023-03-17 14:26:43,134] {logging_mixin.py:109} INFO - [2023-03-17 14:26:43,134] {dag.py:2935} INFO - Setting next_dagrun for local_ingestion_v1.0 to 2023-03-16T00:00:00+00:00
[2023-03-17 14:26:43,218] {processor.py:171} INFO - Processing /opt/airflow/dags/data_ingestion_local.py took 3.996 seconds
[2023-03-17 14:27:13,816] {processor.py:163} INFO - Started process (PID=3115) to work on /opt/airflow/dags/data_ingestion_local.py
[2023-03-17 14:27:13,837] {processor.py:642} INFO - Processing file /opt/airflow/dags/data_ingestion_local.py for tasks to queue
[2023-03-17 14:27:13,869] {logging_mixin.py:109} INFO - [2023-03-17 14:27:13,868] {dagbag.py:500} INFO - Filling up the DagBag from /opt/airflow/dags/data_ingestion_local.py
[2023-03-17 14:27:17,309] {processor.py:654} INFO - DAG(s) dict_keys(['local_ingestion_v1.0']) retrieved from /opt/airflow/dags/data_ingestion_local.py
[2023-03-17 14:27:17,349] {logging_mixin.py:109} INFO - [2023-03-17 14:27:17,348] {dag.py:2396} INFO - Sync 1 DAGs
[2023-03-17 14:27:17,406] {logging_mixin.py:109} INFO - [2023-03-17 14:27:17,406] {dag.py:2935} INFO - Setting next_dagrun for local_ingestion_v1.0 to 2023-03-16T00:00:00+00:00
[2023-03-17 14:27:17,437] {processor.py:171} INFO - Processing /opt/airflow/dags/data_ingestion_local.py took 3.647 seconds
[2023-03-17 14:27:47,791] {processor.py:163} INFO - Started process (PID=3157) to work on /opt/airflow/dags/data_ingestion_local.py
[2023-03-17 14:27:47,799] {processor.py:642} INFO - Processing file /opt/airflow/dags/data_ingestion_local.py for tasks to queue
[2023-03-17 14:27:47,805] {logging_mixin.py:109} INFO - [2023-03-17 14:27:47,804] {dagbag.py:500} INFO - Filling up the DagBag from /opt/airflow/dags/data_ingestion_local.py
[2023-03-17 14:27:51,774] {processor.py:654} INFO - DAG(s) dict_keys(['local_ingestion_v1.0']) retrieved from /opt/airflow/dags/data_ingestion_local.py
[2023-03-17 14:27:51,818] {logging_mixin.py:109} INFO - [2023-03-17 14:27:51,816] {dag.py:2396} INFO - Sync 1 DAGs
[2023-03-17 14:27:51,911] {logging_mixin.py:109} INFO - [2023-03-17 14:27:51,911] {dag.py:2935} INFO - Setting next_dagrun for local_ingestion_v1.0 to 2023-03-16T00:00:00+00:00
[2023-03-17 14:27:52,027] {processor.py:171} INFO - Processing /opt/airflow/dags/data_ingestion_local.py took 4.248 seconds
[2023-03-17 14:28:23,020] {processor.py:163} INFO - Started process (PID=3199) to work on /opt/airflow/dags/data_ingestion_local.py
[2023-03-17 14:28:23,027] {processor.py:642} INFO - Processing file /opt/airflow/dags/data_ingestion_local.py for tasks to queue
[2023-03-17 14:28:23,032] {logging_mixin.py:109} INFO - [2023-03-17 14:28:23,032] {dagbag.py:500} INFO - Filling up the DagBag from /opt/airflow/dags/data_ingestion_local.py
[2023-03-17 14:28:26,393] {processor.py:654} INFO - DAG(s) dict_keys(['local_ingestion_v1.0']) retrieved from /opt/airflow/dags/data_ingestion_local.py
[2023-03-17 14:28:26,442] {logging_mixin.py:109} INFO - [2023-03-17 14:28:26,440] {dag.py:2396} INFO - Sync 1 DAGs
[2023-03-17 14:28:26,511] {logging_mixin.py:109} INFO - [2023-03-17 14:28:26,511] {dag.py:2935} INFO - Setting next_dagrun for local_ingestion_v1.0 to 2023-03-16T00:00:00+00:00
[2023-03-17 14:28:26,538] {processor.py:171} INFO - Processing /opt/airflow/dags/data_ingestion_local.py took 3.553 seconds
[2023-03-17 14:28:56,868] {processor.py:163} INFO - Started process (PID=3225) to work on /opt/airflow/dags/data_ingestion_local.py
[2023-03-17 14:28:56,878] {processor.py:642} INFO - Processing file /opt/airflow/dags/data_ingestion_local.py for tasks to queue
[2023-03-17 14:28:56,882] {logging_mixin.py:109} INFO - [2023-03-17 14:28:56,882] {dagbag.py:500} INFO - Filling up the DagBag from /opt/airflow/dags/data_ingestion_local.py
[2023-03-17 14:28:59,530] {processor.py:654} INFO - DAG(s) dict_keys(['local_ingestion_v1.0']) retrieved from /opt/airflow/dags/data_ingestion_local.py
[2023-03-17 14:28:59,605] {logging_mixin.py:109} INFO - [2023-03-17 14:28:59,601] {dag.py:2396} INFO - Sync 1 DAGs
[2023-03-17 14:28:59,704] {logging_mixin.py:109} INFO - [2023-03-17 14:28:59,703] {dag.py:2935} INFO - Setting next_dagrun for local_ingestion_v1.0 to 2023-03-16T00:00:00+00:00
[2023-03-17 14:28:59,735] {processor.py:171} INFO - Processing /opt/airflow/dags/data_ingestion_local.py took 2.879 seconds
[2023-03-17 14:29:29,916] {processor.py:163} INFO - Started process (PID=3267) to work on /opt/airflow/dags/data_ingestion_local.py
[2023-03-17 14:29:29,922] {processor.py:642} INFO - Processing file /opt/airflow/dags/data_ingestion_local.py for tasks to queue
[2023-03-17 14:29:29,926] {logging_mixin.py:109} INFO - [2023-03-17 14:29:29,925] {dagbag.py:500} INFO - Filling up the DagBag from /opt/airflow/dags/data_ingestion_local.py
[2023-03-17 14:29:32,931] {processor.py:654} INFO - DAG(s) dict_keys(['local_ingestion_v1.0']) retrieved from /opt/airflow/dags/data_ingestion_local.py
[2023-03-17 14:29:32,986] {logging_mixin.py:109} INFO - [2023-03-17 14:29:32,985] {dag.py:2396} INFO - Sync 1 DAGs
[2023-03-17 14:29:33,074] {logging_mixin.py:109} INFO - [2023-03-17 14:29:33,074] {dag.py:2935} INFO - Setting next_dagrun for local_ingestion_v1.0 to 2023-03-16T00:00:00+00:00
[2023-03-17 14:29:33,106] {processor.py:171} INFO - Processing /opt/airflow/dags/data_ingestion_local.py took 3.202 seconds
[2023-03-17 14:30:03,660] {processor.py:163} INFO - Started process (PID=3310) to work on /opt/airflow/dags/data_ingestion_local.py
[2023-03-17 14:30:03,666] {processor.py:642} INFO - Processing file /opt/airflow/dags/data_ingestion_local.py for tasks to queue
[2023-03-17 14:30:03,672] {logging_mixin.py:109} INFO - [2023-03-17 14:30:03,671] {dagbag.py:500} INFO - Filling up the DagBag from /opt/airflow/dags/data_ingestion_local.py
[2023-03-17 14:30:06,924] {processor.py:654} INFO - DAG(s) dict_keys(['local_ingestion_v1.0']) retrieved from /opt/airflow/dags/data_ingestion_local.py
[2023-03-17 14:30:07,000] {logging_mixin.py:109} INFO - [2023-03-17 14:30:06,997] {dag.py:2396} INFO - Sync 1 DAGs
[2023-03-17 14:30:07,160] {logging_mixin.py:109} INFO - [2023-03-17 14:30:07,158] {dag.py:2935} INFO - Setting next_dagrun for local_ingestion_v1.0 to 2023-03-16T00:00:00+00:00
[2023-03-17 14:30:07,212] {processor.py:171} INFO - Processing /opt/airflow/dags/data_ingestion_local.py took 3.564 seconds
[2023-03-17 14:30:37,744] {processor.py:163} INFO - Started process (PID=3336) to work on /opt/airflow/dags/data_ingestion_local.py
[2023-03-17 14:30:37,749] {processor.py:642} INFO - Processing file /opt/airflow/dags/data_ingestion_local.py for tasks to queue
[2023-03-17 14:30:37,752] {logging_mixin.py:109} INFO - [2023-03-17 14:30:37,752] {dagbag.py:500} INFO - Filling up the DagBag from /opt/airflow/dags/data_ingestion_local.py
[2023-03-17 14:30:40,562] {processor.py:654} INFO - DAG(s) dict_keys(['local_ingestion_v1.0']) retrieved from /opt/airflow/dags/data_ingestion_local.py
[2023-03-17 14:30:40,618] {logging_mixin.py:109} INFO - [2023-03-17 14:30:40,616] {dag.py:2396} INFO - Sync 1 DAGs
[2023-03-17 14:30:40,711] {logging_mixin.py:109} INFO - [2023-03-17 14:30:40,709] {dag.py:2935} INFO - Setting next_dagrun for local_ingestion_v1.0 to 2023-03-16T00:00:00+00:00
[2023-03-17 14:30:40,749] {processor.py:171} INFO - Processing /opt/airflow/dags/data_ingestion_local.py took 3.015 seconds
[2023-03-17 14:31:11,182] {processor.py:163} INFO - Started process (PID=3380) to work on /opt/airflow/dags/data_ingestion_local.py
[2023-03-17 14:31:11,188] {processor.py:642} INFO - Processing file /opt/airflow/dags/data_ingestion_local.py for tasks to queue
[2023-03-17 14:31:11,193] {logging_mixin.py:109} INFO - [2023-03-17 14:31:11,191] {dagbag.py:500} INFO - Filling up the DagBag from /opt/airflow/dags/data_ingestion_local.py
[2023-03-17 14:31:14,459] {processor.py:654} INFO - DAG(s) dict_keys(['local_ingestion_v1.0']) retrieved from /opt/airflow/dags/data_ingestion_local.py
[2023-03-17 14:31:14,507] {logging_mixin.py:109} INFO - [2023-03-17 14:31:14,505] {dag.py:2396} INFO - Sync 1 DAGs
[2023-03-17 14:31:15,175] {logging_mixin.py:109} INFO - [2023-03-17 14:31:15,106] {dag.py:2935} INFO - Setting next_dagrun for local_ingestion_v1.0 to 2023-03-16T00:00:00+00:00
[2023-03-17 14:31:15,554] {processor.py:171} INFO - Processing /opt/airflow/dags/data_ingestion_local.py took 4.382 seconds
