[2023-03-17 14:26:09,101] {taskinstance.py:1032} INFO - Dependencies all met for <TaskInstance: local_ingestion_v1.0.ingest_data manual__2023-03-17T14:25:52.153691+00:00 [queued]>
[2023-03-17 14:26:09,147] {taskinstance.py:1032} INFO - Dependencies all met for <TaskInstance: local_ingestion_v1.0.ingest_data manual__2023-03-17T14:25:52.153691+00:00 [queued]>
[2023-03-17 14:26:09,149] {taskinstance.py:1238} INFO - 
--------------------------------------------------------------------------------
[2023-03-17 14:26:09,159] {taskinstance.py:1239} INFO - Starting attempt 1 of 2
[2023-03-17 14:26:09,161] {taskinstance.py:1240} INFO - 
--------------------------------------------------------------------------------
[2023-03-17 14:26:09,211] {taskinstance.py:1259} INFO - Executing <Task(PythonOperator): ingest_data> on 2023-03-17 14:25:52.153691+00:00
[2023-03-17 14:26:09,224] {standard_task_runner.py:52} INFO - Started process 3030 to run task
[2023-03-17 14:26:09,235] {standard_task_runner.py:76} INFO - Running: ['***', 'tasks', 'run', 'local_ingestion_v1.0', 'ingest_data', 'manual__2023-03-17T14:25:52.153691+00:00', '--job-id', '121', '--raw', '--subdir', 'DAGS_FOLDER/data_ingestion_local.py', '--cfg-path', '/tmp/tmpy3j8lsbt', '--error-file', '/tmp/tmp1cezayin']
[2023-03-17 14:26:09,239] {standard_task_runner.py:77} INFO - Job 121: Subtask ingest_data
[2023-03-17 14:26:09,537] {logging_mixin.py:109} INFO - Running <TaskInstance: local_ingestion_v1.0.ingest_data manual__2023-03-17T14:25:52.153691+00:00 [running]> on host 8920ab98807f
[2023-03-17 14:26:09,778] {taskinstance.py:1426} INFO - Exporting the following env vars:
AIRFLOW_CTX_DAG_OWNER=***
AIRFLOW_CTX_DAG_ID=local_ingestion_v1.0
AIRFLOW_CTX_TASK_ID=ingest_data
AIRFLOW_CTX_EXECUTION_DATE=2023-03-17T14:25:52.153691+00:00
AIRFLOW_CTX_DAG_RUN_ID=manual__2023-03-17T14:25:52.153691+00:00
[2023-03-17 14:26:11,759] {logging_mixin.py:109} INFO - Finished ingesting data into the postgres database
[2023-03-17 14:26:11,764] {python.py:175} INFO - Done. Returned value was: None
[2023-03-17 14:26:11,812] {taskinstance.py:1277} INFO - Marking task as SUCCESS. dag_id=local_ingestion_v1.0, task_id=ingest_data, execution_date=20230317T142552, start_date=20230317T142609, end_date=20230317T142611
[2023-03-17 14:26:11,969] {local_task_job.py:154} INFO - Task exited with return code 0
[2023-03-17 14:26:12,344] {local_task_job.py:264} INFO - 0 downstream tasks scheduled from follow-on schedule check
