[2023-03-17 14:26:16,086] {taskinstance.py:1032} INFO - Dependencies all met for <TaskInstance: local_ingestion_v1.0.create_log_task_table manual__2023-03-17T14:25:52.153691+00:00 [queued]>
[2023-03-17 14:26:16,143] {taskinstance.py:1032} INFO - Dependencies all met for <TaskInstance: local_ingestion_v1.0.create_log_task_table manual__2023-03-17T14:25:52.153691+00:00 [queued]>
[2023-03-17 14:26:16,145] {taskinstance.py:1238} INFO - 
--------------------------------------------------------------------------------
[2023-03-17 14:26:16,149] {taskinstance.py:1239} INFO - Starting attempt 1 of 2
[2023-03-17 14:26:16,161] {taskinstance.py:1240} INFO - 
--------------------------------------------------------------------------------
[2023-03-17 14:26:16,216] {taskinstance.py:1259} INFO - Executing <Task(PostgresOperator): create_log_task_table> on 2023-03-17 14:25:52.153691+00:00
[2023-03-17 14:26:16,231] {standard_task_runner.py:52} INFO - Started process 3038 to run task
[2023-03-17 14:26:16,245] {standard_task_runner.py:76} INFO - Running: ['***', 'tasks', 'run', 'local_ingestion_v1.0', 'create_log_task_table', 'manual__2023-03-17T14:25:52.153691+00:00', '--job-id', '122', '--raw', '--subdir', 'DAGS_FOLDER/data_ingestion_local.py', '--cfg-path', '/tmp/tmput4lwfx_', '--error-file', '/tmp/tmpm5o_hrvw']
[2023-03-17 14:26:16,249] {standard_task_runner.py:77} INFO - Job 122: Subtask create_log_task_table
[2023-03-17 14:26:16,480] {logging_mixin.py:109} INFO - Running <TaskInstance: local_ingestion_v1.0.create_log_task_table manual__2023-03-17T14:25:52.153691+00:00 [running]> on host 8920ab98807f
[2023-03-17 14:26:16,835] {taskinstance.py:1426} INFO - Exporting the following env vars:
AIRFLOW_CTX_DAG_OWNER=***
AIRFLOW_CTX_DAG_ID=local_ingestion_v1.0
AIRFLOW_CTX_TASK_ID=create_log_task_table
AIRFLOW_CTX_EXECUTION_DATE=2023-03-17T14:25:52.153691+00:00
AIRFLOW_CTX_DAG_RUN_ID=manual__2023-03-17T14:25:52.153691+00:00
[2023-03-17 14:26:16,875] {base.py:79} INFO - Using connection to: id: postgress_localhost. Host: host.docker.internal, Port: 5432, Schema: wine_quality, Login: ***, Password: ***, extra: {}
[2023-03-17 14:26:16,910] {dbapi.py:225} INFO - Running statement: 
            create table if not exists dag_runs (
                dt date,
                dag_id character varying,
                primary key (dt, dag_id)
            )
        , parameters: None
[2023-03-17 14:26:16,923] {postgres.py:71} INFO - NOTICE:  relation "dag_runs" already exists, skipping

[2023-03-17 14:26:16,979] {taskinstance.py:1277} INFO - Marking task as SUCCESS. dag_id=local_ingestion_v1.0, task_id=create_log_task_table, execution_date=20230317T142552, start_date=20230317T142616, end_date=20230317T142616
[2023-03-17 14:26:17,059] {local_task_job.py:154} INFO - Task exited with return code 0
[2023-03-17 14:26:17,195] {local_task_job.py:264} INFO - 1 downstream tasks scheduled from follow-on schedule check
