[2023-03-17 14:23:56,620] {taskinstance.py:1032} INFO - Dependencies all met for <TaskInstance: local_ingestion_v1.0.download_dataset_task manual__2023-03-17T14:23:49.486913+00:00 [queued]>
[2023-03-17 14:23:56,686] {taskinstance.py:1032} INFO - Dependencies all met for <TaskInstance: local_ingestion_v1.0.download_dataset_task manual__2023-03-17T14:23:49.486913+00:00 [queued]>
[2023-03-17 14:23:56,690] {taskinstance.py:1238} INFO - 
--------------------------------------------------------------------------------
[2023-03-17 14:23:56,694] {taskinstance.py:1239} INFO - Starting attempt 1 of 2
[2023-03-17 14:23:56,697] {taskinstance.py:1240} INFO - 
--------------------------------------------------------------------------------
[2023-03-17 14:23:56,766] {taskinstance.py:1259} INFO - Executing <Task(BashOperator): download_dataset_task> on 2023-03-17 14:23:49.486913+00:00
[2023-03-17 14:23:56,791] {standard_task_runner.py:52} INFO - Started process 2817 to run task
[2023-03-17 14:23:56,810] {standard_task_runner.py:76} INFO - Running: ['***', 'tasks', 'run', 'local_ingestion_v1.0', 'download_dataset_task', 'manual__2023-03-17T14:23:49.486913+00:00', '--job-id', '116', '--raw', '--subdir', 'DAGS_FOLDER/data_ingestion_local.py', '--cfg-path', '/tmp/tmpjs8yjt48', '--error-file', '/tmp/tmpvcik6z4j']
[2023-03-17 14:23:56,817] {standard_task_runner.py:77} INFO - Job 116: Subtask download_dataset_task
[2023-03-17 14:23:57,322] {logging_mixin.py:109} INFO - Running <TaskInstance: local_ingestion_v1.0.download_dataset_task manual__2023-03-17T14:23:49.486913+00:00 [running]> on host 8920ab98807f
[2023-03-17 14:23:57,648] {taskinstance.py:1426} INFO - Exporting the following env vars:
AIRFLOW_CTX_DAG_OWNER=***
AIRFLOW_CTX_DAG_ID=local_ingestion_v1.0
AIRFLOW_CTX_TASK_ID=download_dataset_task
AIRFLOW_CTX_EXECUTION_DATE=2023-03-17T14:23:49.486913+00:00
AIRFLOW_CTX_DAG_RUN_ID=manual__2023-03-17T14:23:49.486913+00:00
[2023-03-17 14:23:57,654] {subprocess.py:62} INFO - Tmp dir root location: 
 /tmp
[2023-03-17 14:23:57,659] {subprocess.py:74} INFO - Running command: ['bash', '-c', 'curl -sS https://archive.ics.uci.edu/ml/machine-learning-databases/wine-quality/winequality-red.csv > /opt/***//winequality-red.csv']
[2023-03-17 14:23:57,706] {subprocess.py:85} INFO - Output:
[2023-03-17 14:23:59,386] {subprocess.py:93} INFO - Command exited with return code 0
[2023-03-17 14:23:59,639] {taskinstance.py:1277} INFO - Marking task as SUCCESS. dag_id=local_ingestion_v1.0, task_id=download_dataset_task, execution_date=20230317T142349, start_date=20230317T142356, end_date=20230317T142359
[2023-03-17 14:23:59,847] {local_task_job.py:154} INFO - Task exited with return code 0
[2023-03-17 14:24:00,284] {local_task_job.py:264} INFO - 1 downstream tasks scheduled from follow-on schedule check
