[2023-03-17 14:07:24,326] {taskinstance.py:1032} INFO - Dependencies all met for <TaskInstance: local_ingestion_v1.0.ingest_data manual__2023-03-17T14:07:09.635592+00:00 [queued]>
[2023-03-17 14:07:24,372] {taskinstance.py:1032} INFO - Dependencies all met for <TaskInstance: local_ingestion_v1.0.ingest_data manual__2023-03-17T14:07:09.635592+00:00 [queued]>
[2023-03-17 14:07:24,374] {taskinstance.py:1238} INFO - 
--------------------------------------------------------------------------------
[2023-03-17 14:07:24,376] {taskinstance.py:1239} INFO - Starting attempt 1 of 2
[2023-03-17 14:07:24,378] {taskinstance.py:1240} INFO - 
--------------------------------------------------------------------------------
[2023-03-17 14:07:24,496] {taskinstance.py:1259} INFO - Executing <Task(PythonOperator): ingest_data> on 2023-03-17 14:07:09.635592+00:00
[2023-03-17 14:07:24,527] {standard_task_runner.py:52} INFO - Started process 1505 to run task
[2023-03-17 14:07:24,545] {standard_task_runner.py:76} INFO - Running: ['***', 'tasks', 'run', 'local_ingestion_v1.0', 'ingest_data', 'manual__2023-03-17T14:07:09.635592+00:00', '--job-id', '93', '--raw', '--subdir', 'DAGS_FOLDER/data_ingestion_local.py', '--cfg-path', '/tmp/tmp7mgvprki', '--error-file', '/tmp/tmpydk3q7hj']
[2023-03-17 14:07:24,551] {standard_task_runner.py:77} INFO - Job 93: Subtask ingest_data
[2023-03-17 14:07:24,763] {logging_mixin.py:109} INFO - Running <TaskInstance: local_ingestion_v1.0.ingest_data manual__2023-03-17T14:07:09.635592+00:00 [running]> on host 8920ab98807f
[2023-03-17 14:07:24,991] {taskinstance.py:1426} INFO - Exporting the following env vars:
AIRFLOW_CTX_DAG_OWNER=***
AIRFLOW_CTX_DAG_ID=local_ingestion_v1.0
AIRFLOW_CTX_TASK_ID=ingest_data
AIRFLOW_CTX_EXECUTION_DATE=2023-03-17T14:07:09.635592+00:00
AIRFLOW_CTX_DAG_RUN_ID=manual__2023-03-17T14:07:09.635592+00:00
[2023-03-17 14:07:27,728] {logging_mixin.py:109} INFO - Finished ingesting data into the postgres database
[2023-03-17 14:07:27,735] {python.py:175} INFO - Done. Returned value was: None
[2023-03-17 14:07:27,794] {taskinstance.py:1277} INFO - Marking task as SUCCESS. dag_id=local_ingestion_v1.0, task_id=ingest_data, execution_date=20230317T140709, start_date=20230317T140724, end_date=20230317T140727
[2023-03-17 14:07:27,876] {local_task_job.py:154} INFO - Task exited with return code 0
[2023-03-17 14:07:28,005] {local_task_job.py:264} INFO - 1 downstream tasks scheduled from follow-on schedule check
