[2023-03-16 17:52:34,427] {taskinstance.py:1032} INFO - Dependencies all met for <TaskInstance: local_ingestion_v1.0.download_dataset_task manual__2023-03-16T17:52:28.108534+00:00 [queued]>
[2023-03-16 17:52:34,485] {taskinstance.py:1032} INFO - Dependencies all met for <TaskInstance: local_ingestion_v1.0.download_dataset_task manual__2023-03-16T17:52:28.108534+00:00 [queued]>
[2023-03-16 17:52:34,488] {taskinstance.py:1238} INFO - 
--------------------------------------------------------------------------------
[2023-03-16 17:52:34,490] {taskinstance.py:1239} INFO - Starting attempt 1 of 2
[2023-03-16 17:52:34,491] {taskinstance.py:1240} INFO - 
--------------------------------------------------------------------------------
[2023-03-16 17:52:34,543] {taskinstance.py:1259} INFO - Executing <Task(BashOperator): download_dataset_task> on 2023-03-16 17:52:28.108534+00:00
[2023-03-16 17:52:34,556] {standard_task_runner.py:52} INFO - Started process 516 to run task
[2023-03-16 17:52:34,567] {standard_task_runner.py:76} INFO - Running: ['***', 'tasks', 'run', 'local_ingestion_v1.0', 'download_dataset_task', 'manual__2023-03-16T17:52:28.108534+00:00', '--job-id', '78', '--raw', '--subdir', 'DAGS_FOLDER/data_ingestion_local.py', '--cfg-path', '/tmp/tmp6w4r70my', '--error-file', '/tmp/tmpdc1sk_o8']
[2023-03-16 17:52:34,570] {standard_task_runner.py:77} INFO - Job 78: Subtask download_dataset_task
[2023-03-16 17:52:34,896] {logging_mixin.py:109} INFO - Running <TaskInstance: local_ingestion_v1.0.download_dataset_task manual__2023-03-16T17:52:28.108534+00:00 [running]> on host c6eb90394236
[2023-03-16 17:52:35,135] {taskinstance.py:1426} INFO - Exporting the following env vars:
AIRFLOW_CTX_DAG_OWNER=***
AIRFLOW_CTX_DAG_ID=local_ingestion_v1.0
AIRFLOW_CTX_TASK_ID=download_dataset_task
AIRFLOW_CTX_EXECUTION_DATE=2023-03-16T17:52:28.108534+00:00
AIRFLOW_CTX_DAG_RUN_ID=manual__2023-03-16T17:52:28.108534+00:00
[2023-03-16 17:52:35,145] {subprocess.py:62} INFO - Tmp dir root location: 
 /tmp
[2023-03-16 17:52:35,151] {subprocess.py:74} INFO - Running command: ['bash', '-c', 'curl -sS https://archive.ics.uci.edu/ml/machine-learning-databases/wine-quality/winequality-red.csv > /opt/***//winequality-red.csv']
[2023-03-16 17:52:35,184] {subprocess.py:85} INFO - Output:
[2023-03-16 17:52:36,917] {subprocess.py:93} INFO - Command exited with return code 0
[2023-03-16 17:52:37,008] {taskinstance.py:1277} INFO - Marking task as SUCCESS. dag_id=local_ingestion_v1.0, task_id=download_dataset_task, execution_date=20230316T175228, start_date=20230316T175234, end_date=20230316T175237
[2023-03-16 17:52:37,079] {local_task_job.py:154} INFO - Task exited with return code 0
[2023-03-16 17:52:37,188] {local_task_job.py:264} INFO - 1 downstream tasks scheduled from follow-on schedule check
