[2023-03-15 19:20:54,875] {taskinstance.py:1032} INFO - Dependencies all met for <TaskInstance: local_ingestion_v1.0.download_dataset_task manual__2023-03-15T19:20:53.017763+00:00 [queued]>
[2023-03-15 19:20:54,925] {taskinstance.py:1032} INFO - Dependencies all met for <TaskInstance: local_ingestion_v1.0.download_dataset_task manual__2023-03-15T19:20:53.017763+00:00 [queued]>
[2023-03-15 19:20:54,927] {taskinstance.py:1238} INFO - 
--------------------------------------------------------------------------------
[2023-03-15 19:20:54,928] {taskinstance.py:1239} INFO - Starting attempt 1 of 2
[2023-03-15 19:20:54,929] {taskinstance.py:1240} INFO - 
--------------------------------------------------------------------------------
[2023-03-15 19:20:54,978] {taskinstance.py:1259} INFO - Executing <Task(BashOperator): download_dataset_task> on 2023-03-15 19:20:53.017763+00:00
[2023-03-15 19:20:54,994] {standard_task_runner.py:52} INFO - Started process 1639 to run task
[2023-03-15 19:20:55,003] {standard_task_runner.py:76} INFO - Running: ['***', 'tasks', 'run', 'local_ingestion_v1.0', 'download_dataset_task', 'manual__2023-03-15T19:20:53.017763+00:00', '--job-id', '51', '--raw', '--subdir', 'DAGS_FOLDER/data_ingestion_local.py', '--cfg-path', '/tmp/tmpkt0cjv9m', '--error-file', '/tmp/tmpgbesn1zq']
[2023-03-15 19:20:55,007] {standard_task_runner.py:77} INFO - Job 51: Subtask download_dataset_task
[2023-03-15 19:20:55,184] {logging_mixin.py:109} INFO - Running <TaskInstance: local_ingestion_v1.0.download_dataset_task manual__2023-03-15T19:20:53.017763+00:00 [running]> on host 2a6fdf41ec39
[2023-03-15 19:20:55,433] {taskinstance.py:1426} INFO - Exporting the following env vars:
AIRFLOW_CTX_DAG_OWNER=***
AIRFLOW_CTX_DAG_ID=local_ingestion_v1.0
AIRFLOW_CTX_TASK_ID=download_dataset_task
AIRFLOW_CTX_EXECUTION_DATE=2023-03-15T19:20:53.017763+00:00
AIRFLOW_CTX_DAG_RUN_ID=manual__2023-03-15T19:20:53.017763+00:00
[2023-03-15 19:20:55,453] {subprocess.py:62} INFO - Tmp dir root location: 
 /tmp
[2023-03-15 19:20:55,457] {subprocess.py:74} INFO - Running command: ['bash', '-c', 'curl -sS https://archive.ics.uci.edu/ml/machine-learning-databases/wine-quality/winequality-red.csv > /opt/***//winequality-red.csv']
[2023-03-15 19:20:55,495] {subprocess.py:85} INFO - Output:
[2023-03-15 19:20:56,878] {subprocess.py:93} INFO - Command exited with return code 0
[2023-03-15 19:20:56,952] {taskinstance.py:1277} INFO - Marking task as SUCCESS. dag_id=local_ingestion_v1.0, task_id=download_dataset_task, execution_date=20230315T192053, start_date=20230315T192054, end_date=20230315T192056
[2023-03-15 19:20:57,019] {local_task_job.py:154} INFO - Task exited with return code 0
[2023-03-15 19:20:57,112] {dagrun.py:628} WARNING - Failed to get task '<TaskInstance: local_ingestion_v1.0.print-ls manual__2023-03-15T19:20:53.017763+00:00 [None]>' for dag 'local_ingestion_v1.0'. Marking it as removed.
[2023-03-15 19:20:57,124] {local_task_job.py:264} INFO - 0 downstream tasks scheduled from follow-on schedule check
