[2023-03-16 19:55:08,502] {taskinstance.py:1032} INFO - Dependencies all met for <TaskInstance: local_ingestion_v1.0.ingest_data manual__2023-03-16T19:54:56.302720+00:00 [queued]>
[2023-03-16 19:55:08,553] {taskinstance.py:1032} INFO - Dependencies all met for <TaskInstance: local_ingestion_v1.0.ingest_data manual__2023-03-16T19:54:56.302720+00:00 [queued]>
[2023-03-16 19:55:08,558] {taskinstance.py:1238} INFO - 
--------------------------------------------------------------------------------
[2023-03-16 19:55:08,560] {taskinstance.py:1239} INFO - Starting attempt 1 of 2
[2023-03-16 19:55:08,561] {taskinstance.py:1240} INFO - 
--------------------------------------------------------------------------------
[2023-03-16 19:55:08,610] {taskinstance.py:1259} INFO - Executing <Task(PythonOperator): ingest_data> on 2023-03-16 19:54:56.302720+00:00
[2023-03-16 19:55:08,622] {standard_task_runner.py:52} INFO - Started process 5698 to run task
[2023-03-16 19:55:08,635] {standard_task_runner.py:76} INFO - Running: ['***', 'tasks', 'run', 'local_ingestion_v1.0', 'ingest_data', 'manual__2023-03-16T19:54:56.302720+00:00', '--job-id', '83', '--raw', '--subdir', 'DAGS_FOLDER/data_ingestion_local.py', '--cfg-path', '/tmp/tmpq1v38_75', '--error-file', '/tmp/tmphyon9i6p']
[2023-03-16 19:55:08,638] {standard_task_runner.py:77} INFO - Job 83: Subtask ingest_data
[2023-03-16 19:55:08,811] {logging_mixin.py:109} INFO - Running <TaskInstance: local_ingestion_v1.0.ingest_data manual__2023-03-16T19:54:56.302720+00:00 [running]> on host c6eb90394236
[2023-03-16 19:55:09,057] {taskinstance.py:1426} INFO - Exporting the following env vars:
AIRFLOW_CTX_DAG_OWNER=***
AIRFLOW_CTX_DAG_ID=local_ingestion_v1.0
AIRFLOW_CTX_TASK_ID=ingest_data
AIRFLOW_CTX_EXECUTION_DATE=2023-03-16T19:54:56.302720+00:00
AIRFLOW_CTX_DAG_RUN_ID=manual__2023-03-16T19:54:56.302720+00:00
[2023-03-16 19:55:11,452] {logging_mixin.py:109} INFO - Finished ingesting data into the postgres database
[2023-03-16 19:55:11,457] {python.py:175} INFO - Done. Returned value was: None
[2023-03-16 19:55:11,548] {taskinstance.py:1277} INFO - Marking task as SUCCESS. dag_id=local_ingestion_v1.0, task_id=ingest_data, execution_date=20230316T195456, start_date=20230316T195508, end_date=20230316T195511
[2023-03-16 19:55:11,718] {local_task_job.py:154} INFO - Task exited with return code 0
[2023-03-16 19:55:12,006] {local_task_job.py:264} INFO - 0 downstream tasks scheduled from follow-on schedule check
