[2023-03-17 14:26:21,000] {taskinstance.py:1032} INFO - Dependencies all met for <TaskInstance: local_ingestion_v1.0.delete_logs_task manual__2023-03-17T14:25:52.153691+00:00 [queued]>
[2023-03-17 14:26:21,064] {taskinstance.py:1032} INFO - Dependencies all met for <TaskInstance: local_ingestion_v1.0.delete_logs_task manual__2023-03-17T14:25:52.153691+00:00 [queued]>
[2023-03-17 14:26:21,066] {taskinstance.py:1238} INFO - 
--------------------------------------------------------------------------------
[2023-03-17 14:26:21,068] {taskinstance.py:1239} INFO - Starting attempt 1 of 2
[2023-03-17 14:26:21,069] {taskinstance.py:1240} INFO - 
--------------------------------------------------------------------------------
[2023-03-17 14:26:21,119] {taskinstance.py:1259} INFO - Executing <Task(PostgresOperator): delete_logs_task> on 2023-03-17 14:25:52.153691+00:00
[2023-03-17 14:26:21,135] {standard_task_runner.py:52} INFO - Started process 3056 to run task
[2023-03-17 14:26:21,144] {standard_task_runner.py:76} INFO - Running: ['***', 'tasks', 'run', 'local_ingestion_v1.0', 'delete_logs_task', 'manual__2023-03-17T14:25:52.153691+00:00', '--job-id', '123', '--raw', '--subdir', 'DAGS_FOLDER/data_ingestion_local.py', '--cfg-path', '/tmp/tmpjoo4vglk', '--error-file', '/tmp/tmpdm_7c_d6']
[2023-03-17 14:26:21,148] {standard_task_runner.py:77} INFO - Job 123: Subtask delete_logs_task
[2023-03-17 14:26:21,375] {logging_mixin.py:109} INFO - Running <TaskInstance: local_ingestion_v1.0.delete_logs_task manual__2023-03-17T14:25:52.153691+00:00 [running]> on host 8920ab98807f
[2023-03-17 14:26:21,615] {taskinstance.py:1426} INFO - Exporting the following env vars:
AIRFLOW_CTX_DAG_OWNER=***
AIRFLOW_CTX_DAG_ID=local_ingestion_v1.0
AIRFLOW_CTX_TASK_ID=delete_logs_task
AIRFLOW_CTX_EXECUTION_DATE=2023-03-17T14:25:52.153691+00:00
AIRFLOW_CTX_DAG_RUN_ID=manual__2023-03-17T14:25:52.153691+00:00
[2023-03-17 14:26:21,663] {base.py:79} INFO - Using connection to: id: postgress_localhost. Host: host.docker.internal, Port: 5432, Schema: wine_quality, Login: ***, Password: ***, extra: {}
[2023-03-17 14:26:21,711] {dbapi.py:225} INFO - Running statement: 
            delete from dag_runs where dt = '2023-03-17' and dag_id =  'local_ingestion_v1.0';
        , parameters: None
[2023-03-17 14:26:21,750] {dbapi.py:233} INFO - Rows affected: 1
[2023-03-17 14:26:21,826] {taskinstance.py:1277} INFO - Marking task as SUCCESS. dag_id=local_ingestion_v1.0, task_id=delete_logs_task, execution_date=20230317T142552, start_date=20230317T142621, end_date=20230317T142621
[2023-03-17 14:26:21,979] {local_task_job.py:154} INFO - Task exited with return code 0
[2023-03-17 14:26:22,148] {local_task_job.py:264} INFO - 1 downstream tasks scheduled from follow-on schedule check
