[2023-03-15 19:21:22,364] {taskinstance.py:1032} INFO - Dependencies all met for <TaskInstance: local_ingestion_v1.0.print_ls manual__2023-03-15T19:20:53.017763+00:00 [queued]>
[2023-03-15 19:21:22,412] {taskinstance.py:1032} INFO - Dependencies all met for <TaskInstance: local_ingestion_v1.0.print_ls manual__2023-03-15T19:20:53.017763+00:00 [queued]>
[2023-03-15 19:21:22,414] {taskinstance.py:1238} INFO - 
--------------------------------------------------------------------------------
[2023-03-15 19:21:22,415] {taskinstance.py:1239} INFO - Starting attempt 1 of 2
[2023-03-15 19:21:22,417] {taskinstance.py:1240} INFO - 
--------------------------------------------------------------------------------
[2023-03-15 19:21:22,467] {taskinstance.py:1259} INFO - Executing <Task(BashOperator): print_ls> on 2023-03-15 19:20:53.017763+00:00
[2023-03-15 19:21:22,477] {standard_task_runner.py:52} INFO - Started process 1672 to run task
[2023-03-15 19:21:22,486] {standard_task_runner.py:76} INFO - Running: ['***', 'tasks', 'run', 'local_ingestion_v1.0', 'print_ls', 'manual__2023-03-15T19:20:53.017763+00:00', '--job-id', '52', '--raw', '--subdir', 'DAGS_FOLDER/data_ingestion_local.py', '--cfg-path', '/tmp/tmp3s59vcx2', '--error-file', '/tmp/tmp8x8iss5d']
[2023-03-15 19:21:22,490] {standard_task_runner.py:77} INFO - Job 52: Subtask print_ls
[2023-03-15 19:21:22,691] {logging_mixin.py:109} INFO - Running <TaskInstance: local_ingestion_v1.0.print_ls manual__2023-03-15T19:20:53.017763+00:00 [running]> on host 2a6fdf41ec39
[2023-03-15 19:21:22,906] {taskinstance.py:1426} INFO - Exporting the following env vars:
AIRFLOW_CTX_DAG_OWNER=***
AIRFLOW_CTX_DAG_ID=local_ingestion_v1.0
AIRFLOW_CTX_TASK_ID=print_ls
AIRFLOW_CTX_EXECUTION_DATE=2023-03-15T19:20:53.017763+00:00
AIRFLOW_CTX_DAG_RUN_ID=manual__2023-03-15T19:20:53.017763+00:00
[2023-03-15 19:21:22,916] {subprocess.py:62} INFO - Tmp dir root location: 
 /tmp
[2023-03-15 19:21:22,922] {subprocess.py:74} INFO - Running command: ['bash', '-c', 'ls /opt/***/']
[2023-03-15 19:21:22,954] {subprocess.py:85} INFO - Output:
[2023-03-15 19:21:23,048] {subprocess.py:89} INFO - ***.cfg
[2023-03-15 19:21:23,050] {subprocess.py:89} INFO - dags
[2023-03-15 19:21:23,052] {subprocess.py:89} INFO - logs
[2023-03-15 19:21:23,054] {subprocess.py:89} INFO - plugins
[2023-03-15 19:21:23,058] {subprocess.py:89} INFO - webserver_config.py
[2023-03-15 19:21:23,060] {subprocess.py:89} INFO - winequality-red.csv
[2023-03-15 19:21:23,062] {subprocess.py:93} INFO - Command exited with return code 0
[2023-03-15 19:21:23,214] {taskinstance.py:1277} INFO - Marking task as SUCCESS. dag_id=local_ingestion_v1.0, task_id=print_ls, execution_date=20230315T192053, start_date=20230315T192122, end_date=20230315T192123
[2023-03-15 19:21:23,304] {local_task_job.py:154} INFO - Task exited with return code 0
[2023-03-15 19:21:23,439] {local_task_job.py:264} INFO - 0 downstream tasks scheduled from follow-on schedule check
