[2023-03-17 14:24:05,513] {taskinstance.py:1032} INFO - Dependencies all met for <TaskInstance: local_ingestion_v1.0.ingest_data manual__2023-03-17T14:23:49.486913+00:00 [queued]>
[2023-03-17 14:24:05,574] {taskinstance.py:1032} INFO - Dependencies all met for <TaskInstance: local_ingestion_v1.0.ingest_data manual__2023-03-17T14:23:49.486913+00:00 [queued]>
[2023-03-17 14:24:05,580] {taskinstance.py:1238} INFO - 
--------------------------------------------------------------------------------
[2023-03-17 14:24:05,601] {taskinstance.py:1239} INFO - Starting attempt 1 of 2
[2023-03-17 14:24:05,602] {taskinstance.py:1240} INFO - 
--------------------------------------------------------------------------------
[2023-03-17 14:24:05,650] {taskinstance.py:1259} INFO - Executing <Task(PythonOperator): ingest_data> on 2023-03-17 14:23:49.486913+00:00
[2023-03-17 14:24:05,663] {standard_task_runner.py:52} INFO - Started process 2858 to run task
[2023-03-17 14:24:05,674] {standard_task_runner.py:76} INFO - Running: ['***', 'tasks', 'run', 'local_ingestion_v1.0', 'ingest_data', 'manual__2023-03-17T14:23:49.486913+00:00', '--job-id', '117', '--raw', '--subdir', 'DAGS_FOLDER/data_ingestion_local.py', '--cfg-path', '/tmp/tmp38hzd3uh', '--error-file', '/tmp/tmplu64z310']
[2023-03-17 14:24:05,678] {standard_task_runner.py:77} INFO - Job 117: Subtask ingest_data
[2023-03-17 14:24:05,947] {logging_mixin.py:109} INFO - Running <TaskInstance: local_ingestion_v1.0.ingest_data manual__2023-03-17T14:23:49.486913+00:00 [running]> on host 8920ab98807f
[2023-03-17 14:24:06,184] {taskinstance.py:1426} INFO - Exporting the following env vars:
AIRFLOW_CTX_DAG_OWNER=***
AIRFLOW_CTX_DAG_ID=local_ingestion_v1.0
AIRFLOW_CTX_TASK_ID=ingest_data
AIRFLOW_CTX_EXECUTION_DATE=2023-03-17T14:23:49.486913+00:00
AIRFLOW_CTX_DAG_RUN_ID=manual__2023-03-17T14:23:49.486913+00:00
[2023-03-17 14:24:08,369] {logging_mixin.py:109} INFO - Finished ingesting data into the postgres database
[2023-03-17 14:24:08,372] {python.py:175} INFO - Done. Returned value was: None
[2023-03-17 14:24:08,426] {taskinstance.py:1277} INFO - Marking task as SUCCESS. dag_id=local_ingestion_v1.0, task_id=ingest_data, execution_date=20230317T142349, start_date=20230317T142405, end_date=20230317T142408
[2023-03-17 14:24:08,555] {local_task_job.py:154} INFO - Task exited with return code 0
[2023-03-17 14:24:08,710] {local_task_job.py:264} INFO - 1 downstream tasks scheduled from follow-on schedule check
