[2023-03-16 19:56:54,783] {taskinstance.py:1032} INFO - Dependencies all met for <TaskInstance: local_ingestion_v1.0.ingest_data manual__2023-03-16T19:56:41.633100+00:00 [queued]>
[2023-03-16 19:56:54,835] {taskinstance.py:1032} INFO - Dependencies all met for <TaskInstance: local_ingestion_v1.0.ingest_data manual__2023-03-16T19:56:41.633100+00:00 [queued]>
[2023-03-16 19:56:54,837] {taskinstance.py:1238} INFO - 
--------------------------------------------------------------------------------
[2023-03-16 19:56:54,839] {taskinstance.py:1239} INFO - Starting attempt 1 of 2
[2023-03-16 19:56:54,841] {taskinstance.py:1240} INFO - 
--------------------------------------------------------------------------------
[2023-03-16 19:56:54,890] {taskinstance.py:1259} INFO - Executing <Task(PythonOperator): ingest_data> on 2023-03-16 19:56:41.633100+00:00
[2023-03-16 19:56:54,908] {standard_task_runner.py:52} INFO - Started process 5833 to run task
[2023-03-16 19:56:54,920] {standard_task_runner.py:76} INFO - Running: ['***', 'tasks', 'run', 'local_ingestion_v1.0', 'ingest_data', 'manual__2023-03-16T19:56:41.633100+00:00', '--job-id', '85', '--raw', '--subdir', 'DAGS_FOLDER/data_ingestion_local.py', '--cfg-path', '/tmp/tmp42n9giq9', '--error-file', '/tmp/tmpldy1n1vg']
[2023-03-16 19:56:54,923] {standard_task_runner.py:77} INFO - Job 85: Subtask ingest_data
[2023-03-16 19:56:55,161] {logging_mixin.py:109} INFO - Running <TaskInstance: local_ingestion_v1.0.ingest_data manual__2023-03-16T19:56:41.633100+00:00 [running]> on host c6eb90394236
[2023-03-16 19:56:55,427] {taskinstance.py:1426} INFO - Exporting the following env vars:
AIRFLOW_CTX_DAG_OWNER=***
AIRFLOW_CTX_DAG_ID=local_ingestion_v1.0
AIRFLOW_CTX_TASK_ID=ingest_data
AIRFLOW_CTX_EXECUTION_DATE=2023-03-16T19:56:41.633100+00:00
AIRFLOW_CTX_DAG_RUN_ID=manual__2023-03-16T19:56:41.633100+00:00
[2023-03-16 19:56:57,892] {logging_mixin.py:109} INFO - Finished ingesting data into the postgres database
[2023-03-16 19:56:57,909] {python.py:175} INFO - Done. Returned value was: None
[2023-03-16 19:56:58,078] {taskinstance.py:1277} INFO - Marking task as SUCCESS. dag_id=local_ingestion_v1.0, task_id=ingest_data, execution_date=20230316T195641, start_date=20230316T195654, end_date=20230316T195658
[2023-03-16 19:56:58,252] {local_task_job.py:154} INFO - Task exited with return code 0
[2023-03-16 19:56:58,439] {local_task_job.py:264} INFO - 0 downstream tasks scheduled from follow-on schedule check
