[2023-03-17 14:21:18,896] {taskinstance.py:1032} INFO - Dependencies all met for <TaskInstance: local_ingestion_v1.0.download_dataset_task manual__2023-03-17T14:21:12.564230+00:00 [queued]>
[2023-03-17 14:21:19,002] {taskinstance.py:1032} INFO - Dependencies all met for <TaskInstance: local_ingestion_v1.0.download_dataset_task manual__2023-03-17T14:21:12.564230+00:00 [queued]>
[2023-03-17 14:21:19,006] {taskinstance.py:1238} INFO - 
--------------------------------------------------------------------------------
[2023-03-17 14:21:19,009] {taskinstance.py:1239} INFO - Starting attempt 1 of 2
[2023-03-17 14:21:19,015] {taskinstance.py:1240} INFO - 
--------------------------------------------------------------------------------
[2023-03-17 14:21:19,074] {taskinstance.py:1259} INFO - Executing <Task(BashOperator): download_dataset_task> on 2023-03-17 14:21:12.564230+00:00
[2023-03-17 14:21:19,089] {standard_task_runner.py:52} INFO - Started process 2601 to run task
[2023-03-17 14:21:19,111] {standard_task_runner.py:76} INFO - Running: ['***', 'tasks', 'run', 'local_ingestion_v1.0', 'download_dataset_task', 'manual__2023-03-17T14:21:12.564230+00:00', '--job-id', '111', '--raw', '--subdir', 'DAGS_FOLDER/data_ingestion_local.py', '--cfg-path', '/tmp/tmpz8zhmtzz', '--error-file', '/tmp/tmp02bek2c2']
[2023-03-17 14:21:19,115] {standard_task_runner.py:77} INFO - Job 111: Subtask download_dataset_task
[2023-03-17 14:21:19,434] {logging_mixin.py:109} INFO - Running <TaskInstance: local_ingestion_v1.0.download_dataset_task manual__2023-03-17T14:21:12.564230+00:00 [running]> on host 8920ab98807f
[2023-03-17 14:21:19,724] {taskinstance.py:1426} INFO - Exporting the following env vars:
AIRFLOW_CTX_DAG_OWNER=***
AIRFLOW_CTX_DAG_ID=local_ingestion_v1.0
AIRFLOW_CTX_TASK_ID=download_dataset_task
AIRFLOW_CTX_EXECUTION_DATE=2023-03-17T14:21:12.564230+00:00
AIRFLOW_CTX_DAG_RUN_ID=manual__2023-03-17T14:21:12.564230+00:00
[2023-03-17 14:21:19,730] {subprocess.py:62} INFO - Tmp dir root location: 
 /tmp
[2023-03-17 14:21:19,735] {subprocess.py:74} INFO - Running command: ['bash', '-c', 'curl -sS https://archive.ics.uci.edu/ml/machine-learning-databases/wine-quality/winequality-red.csv > /opt/***//winequality-red.csv']
[2023-03-17 14:21:19,767] {subprocess.py:85} INFO - Output:
[2023-03-17 14:21:21,124] {subprocess.py:93} INFO - Command exited with return code 0
[2023-03-17 14:21:21,237] {taskinstance.py:1277} INFO - Marking task as SUCCESS. dag_id=local_ingestion_v1.0, task_id=download_dataset_task, execution_date=20230317T142112, start_date=20230317T142118, end_date=20230317T142121
[2023-03-17 14:21:21,359] {local_task_job.py:154} INFO - Task exited with return code 0
[2023-03-17 14:21:21,497] {local_task_job.py:264} INFO - 1 downstream tasks scheduled from follow-on schedule check
