[2023-03-17 14:21:32,544] {taskinstance.py:1032} INFO - Dependencies all met for <TaskInstance: local_ingestion_v1.0.create_log_task_table manual__2023-03-17T14:21:12.564230+00:00 [queued]>
[2023-03-17 14:21:32,615] {taskinstance.py:1032} INFO - Dependencies all met for <TaskInstance: local_ingestion_v1.0.create_log_task_table manual__2023-03-17T14:21:12.564230+00:00 [queued]>
[2023-03-17 14:21:32,618] {taskinstance.py:1238} INFO - 
--------------------------------------------------------------------------------
[2023-03-17 14:21:32,621] {taskinstance.py:1239} INFO - Starting attempt 1 of 2
[2023-03-17 14:21:32,624] {taskinstance.py:1240} INFO - 
--------------------------------------------------------------------------------
[2023-03-17 14:21:32,691] {taskinstance.py:1259} INFO - Executing <Task(PostgresOperator): create_log_task_table> on 2023-03-17 14:21:12.564230+00:00
[2023-03-17 14:21:32,713] {standard_task_runner.py:52} INFO - Started process 2630 to run task
[2023-03-17 14:21:32,735] {standard_task_runner.py:76} INFO - Running: ['***', 'tasks', 'run', 'local_ingestion_v1.0', 'create_log_task_table', 'manual__2023-03-17T14:21:12.564230+00:00', '--job-id', '113', '--raw', '--subdir', 'DAGS_FOLDER/data_ingestion_local.py', '--cfg-path', '/tmp/tmp75svztj3', '--error-file', '/tmp/tmpkjbkavdb']
[2023-03-17 14:21:32,740] {standard_task_runner.py:77} INFO - Job 113: Subtask create_log_task_table
[2023-03-17 14:21:32,990] {logging_mixin.py:109} INFO - Running <TaskInstance: local_ingestion_v1.0.create_log_task_table manual__2023-03-17T14:21:12.564230+00:00 [running]> on host 8920ab98807f
[2023-03-17 14:21:33,380] {taskinstance.py:1426} INFO - Exporting the following env vars:
AIRFLOW_CTX_DAG_OWNER=***
AIRFLOW_CTX_DAG_ID=local_ingestion_v1.0
AIRFLOW_CTX_TASK_ID=create_log_task_table
AIRFLOW_CTX_EXECUTION_DATE=2023-03-17T14:21:12.564230+00:00
AIRFLOW_CTX_DAG_RUN_ID=manual__2023-03-17T14:21:12.564230+00:00
[2023-03-17 14:21:33,439] {base.py:79} INFO - Using connection to: id: postgress_localhost. Host: host.docker.internal, Port: 5432, Schema: wine_quality, Login: ***, Password: ***, extra: {}
[2023-03-17 14:21:33,529] {dbapi.py:225} INFO - Running statement: 
            create table if not exists dag_runs (
                dt date,
                dag_id character varying,
                primary key (dt, dag_id)
            )
        , parameters: None
[2023-03-17 14:21:33,539] {postgres.py:71} INFO - NOTICE:  relation "dag_runs" already exists, skipping

[2023-03-17 14:21:33,592] {taskinstance.py:1277} INFO - Marking task as SUCCESS. dag_id=local_ingestion_v1.0, task_id=create_log_task_table, execution_date=20230317T142112, start_date=20230317T142132, end_date=20230317T142133
[2023-03-17 14:21:33,711] {local_task_job.py:154} INFO - Task exited with return code 0
[2023-03-17 14:21:33,907] {local_task_job.py:264} INFO - 1 downstream tasks scheduled from follow-on schedule check
