[2023-03-16 19:58:05,352] {taskinstance.py:1032} INFO - Dependencies all met for <TaskInstance: local_ingestion_v1.0.download_dataset_task manual__2023-03-16T19:57:58.796154+00:00 [queued]>
[2023-03-16 19:58:05,398] {taskinstance.py:1032} INFO - Dependencies all met for <TaskInstance: local_ingestion_v1.0.download_dataset_task manual__2023-03-16T19:57:58.796154+00:00 [queued]>
[2023-03-16 19:58:05,400] {taskinstance.py:1238} INFO - 
--------------------------------------------------------------------------------
[2023-03-16 19:58:05,402] {taskinstance.py:1239} INFO - Starting attempt 1 of 2
[2023-03-16 19:58:05,404] {taskinstance.py:1240} INFO - 
--------------------------------------------------------------------------------
[2023-03-16 19:58:05,454] {taskinstance.py:1259} INFO - Executing <Task(BashOperator): download_dataset_task> on 2023-03-16 19:57:58.796154+00:00
[2023-03-16 19:58:05,469] {standard_task_runner.py:52} INFO - Started process 5945 to run task
[2023-03-16 19:58:05,482] {standard_task_runner.py:76} INFO - Running: ['***', 'tasks', 'run', 'local_ingestion_v1.0', 'download_dataset_task', 'manual__2023-03-16T19:57:58.796154+00:00', '--job-id', '86', '--raw', '--subdir', 'DAGS_FOLDER/data_ingestion_local.py', '--cfg-path', '/tmp/tmp4c8h8rd2', '--error-file', '/tmp/tmp3d1a20n9']
[2023-03-16 19:58:05,514] {standard_task_runner.py:77} INFO - Job 86: Subtask download_dataset_task
[2023-03-16 19:58:05,743] {logging_mixin.py:109} INFO - Running <TaskInstance: local_ingestion_v1.0.download_dataset_task manual__2023-03-16T19:57:58.796154+00:00 [running]> on host c6eb90394236
[2023-03-16 19:58:06,025] {taskinstance.py:1426} INFO - Exporting the following env vars:
AIRFLOW_CTX_DAG_OWNER=***
AIRFLOW_CTX_DAG_ID=local_ingestion_v1.0
AIRFLOW_CTX_TASK_ID=download_dataset_task
AIRFLOW_CTX_EXECUTION_DATE=2023-03-16T19:57:58.796154+00:00
AIRFLOW_CTX_DAG_RUN_ID=manual__2023-03-16T19:57:58.796154+00:00
[2023-03-16 19:58:06,031] {subprocess.py:62} INFO - Tmp dir root location: 
 /tmp
[2023-03-16 19:58:06,037] {subprocess.py:74} INFO - Running command: ['bash', '-c', 'curl -sS https://archive.ics.uci.edu/ml/machine-learning-databases/wine-quality/winequality-red.csv > /opt/***//winequality-red.csv']
[2023-03-16 19:58:06,068] {subprocess.py:85} INFO - Output:
[2023-03-16 19:58:07,513] {subprocess.py:93} INFO - Command exited with return code 0
[2023-03-16 19:58:07,590] {taskinstance.py:1277} INFO - Marking task as SUCCESS. dag_id=local_ingestion_v1.0, task_id=download_dataset_task, execution_date=20230316T195758, start_date=20230316T195805, end_date=20230316T195807
[2023-03-16 19:58:07,663] {local_task_job.py:154} INFO - Task exited with return code 0
[2023-03-16 19:58:07,772] {local_task_job.py:264} INFO - 1 downstream tasks scheduled from follow-on schedule check
