[2023-03-16 19:55:01,632] {taskinstance.py:1032} INFO - Dependencies all met for <TaskInstance: local_ingestion_v1.0.download_dataset_task manual__2023-03-16T19:54:56.302720+00:00 [queued]>
[2023-03-16 19:55:01,698] {taskinstance.py:1032} INFO - Dependencies all met for <TaskInstance: local_ingestion_v1.0.download_dataset_task manual__2023-03-16T19:54:56.302720+00:00 [queued]>
[2023-03-16 19:55:01,700] {taskinstance.py:1238} INFO - 
--------------------------------------------------------------------------------
[2023-03-16 19:55:01,702] {taskinstance.py:1239} INFO - Starting attempt 1 of 2
[2023-03-16 19:55:01,704] {taskinstance.py:1240} INFO - 
--------------------------------------------------------------------------------
[2023-03-16 19:55:01,754] {taskinstance.py:1259} INFO - Executing <Task(BashOperator): download_dataset_task> on 2023-03-16 19:54:56.302720+00:00
[2023-03-16 19:55:01,777] {standard_task_runner.py:52} INFO - Started process 5683 to run task
[2023-03-16 19:55:01,787] {standard_task_runner.py:76} INFO - Running: ['***', 'tasks', 'run', 'local_ingestion_v1.0', 'download_dataset_task', 'manual__2023-03-16T19:54:56.302720+00:00', '--job-id', '82', '--raw', '--subdir', 'DAGS_FOLDER/data_ingestion_local.py', '--cfg-path', '/tmp/tmpvvjatdmm', '--error-file', '/tmp/tmp_kgc_1f0']
[2023-03-16 19:55:01,793] {standard_task_runner.py:77} INFO - Job 82: Subtask download_dataset_task
[2023-03-16 19:55:02,020] {logging_mixin.py:109} INFO - Running <TaskInstance: local_ingestion_v1.0.download_dataset_task manual__2023-03-16T19:54:56.302720+00:00 [running]> on host c6eb90394236
[2023-03-16 19:55:02,249] {taskinstance.py:1426} INFO - Exporting the following env vars:
AIRFLOW_CTX_DAG_OWNER=***
AIRFLOW_CTX_DAG_ID=local_ingestion_v1.0
AIRFLOW_CTX_TASK_ID=download_dataset_task
AIRFLOW_CTX_EXECUTION_DATE=2023-03-16T19:54:56.302720+00:00
AIRFLOW_CTX_DAG_RUN_ID=manual__2023-03-16T19:54:56.302720+00:00
[2023-03-16 19:55:02,255] {subprocess.py:62} INFO - Tmp dir root location: 
 /tmp
[2023-03-16 19:55:02,258] {subprocess.py:74} INFO - Running command: ['bash', '-c', 'curl -sS https://archive.ics.uci.edu/ml/machine-learning-databases/wine-quality/winequality-red.csv > /opt/***//winequality-red.csv']
[2023-03-16 19:55:02,293] {subprocess.py:85} INFO - Output:
[2023-03-16 19:55:04,064] {subprocess.py:93} INFO - Command exited with return code 0
[2023-03-16 19:55:04,138] {taskinstance.py:1277} INFO - Marking task as SUCCESS. dag_id=local_ingestion_v1.0, task_id=download_dataset_task, execution_date=20230316T195456, start_date=20230316T195501, end_date=20230316T195504
[2023-03-16 19:55:04,246] {local_task_job.py:154} INFO - Task exited with return code 0
[2023-03-16 19:55:04,351] {local_task_job.py:264} INFO - 1 downstream tasks scheduled from follow-on schedule check
