[2023-03-17 14:18:42,553] {taskinstance.py:1032} INFO - Dependencies all met for <TaskInstance: local_ingestion_v1.0.download_dataset_task manual__2023-03-17T14:18:13.652228+00:00 [queued]>
[2023-03-17 14:18:42,618] {taskinstance.py:1032} INFO - Dependencies all met for <TaskInstance: local_ingestion_v1.0.download_dataset_task manual__2023-03-17T14:18:13.652228+00:00 [queued]>
[2023-03-17 14:18:42,622] {taskinstance.py:1238} INFO - 
--------------------------------------------------------------------------------
[2023-03-17 14:18:42,626] {taskinstance.py:1239} INFO - Starting attempt 1 of 2
[2023-03-17 14:18:42,628] {taskinstance.py:1240} INFO - 
--------------------------------------------------------------------------------
[2023-03-17 14:18:42,682] {taskinstance.py:1259} INFO - Executing <Task(BashOperator): download_dataset_task> on 2023-03-17 14:18:13.652228+00:00
[2023-03-17 14:18:42,699] {standard_task_runner.py:52} INFO - Started process 2383 to run task
[2023-03-17 14:18:42,711] {standard_task_runner.py:76} INFO - Running: ['***', 'tasks', 'run', 'local_ingestion_v1.0', 'download_dataset_task', 'manual__2023-03-17T14:18:13.652228+00:00', '--job-id', '106', '--raw', '--subdir', 'DAGS_FOLDER/data_ingestion_local.py', '--cfg-path', '/tmp/tmp7c_7egxp', '--error-file', '/tmp/tmpwc6lniqb']
[2023-03-17 14:18:42,715] {standard_task_runner.py:77} INFO - Job 106: Subtask download_dataset_task
[2023-03-17 14:18:42,940] {logging_mixin.py:109} INFO - Running <TaskInstance: local_ingestion_v1.0.download_dataset_task manual__2023-03-17T14:18:13.652228+00:00 [running]> on host 8920ab98807f
[2023-03-17 14:18:43,207] {taskinstance.py:1426} INFO - Exporting the following env vars:
AIRFLOW_CTX_DAG_OWNER=***
AIRFLOW_CTX_DAG_ID=local_ingestion_v1.0
AIRFLOW_CTX_TASK_ID=download_dataset_task
AIRFLOW_CTX_EXECUTION_DATE=2023-03-17T14:18:13.652228+00:00
AIRFLOW_CTX_DAG_RUN_ID=manual__2023-03-17T14:18:13.652228+00:00
[2023-03-17 14:18:43,223] {subprocess.py:62} INFO - Tmp dir root location: 
 /tmp
[2023-03-17 14:18:43,228] {subprocess.py:74} INFO - Running command: ['bash', '-c', 'curl -sS https://archive.ics.uci.edu/ml/machine-learning-databases/wine-quality/winequality-red.csv > /opt/***//winequality-red.csv']
[2023-03-17 14:18:43,273] {subprocess.py:85} INFO - Output:
[2023-03-17 14:18:44,742] {subprocess.py:93} INFO - Command exited with return code 0
[2023-03-17 14:18:44,821] {taskinstance.py:1277} INFO - Marking task as SUCCESS. dag_id=local_ingestion_v1.0, task_id=download_dataset_task, execution_date=20230317T141813, start_date=20230317T141842, end_date=20230317T141844
[2023-03-17 14:18:44,919] {local_task_job.py:154} INFO - Task exited with return code 0
[2023-03-17 14:18:45,127] {local_task_job.py:264} INFO - 0 downstream tasks scheduled from follow-on schedule check
