[2023-03-17 14:13:48,810] {taskinstance.py:1032} INFO - Dependencies all met for <TaskInstance: local_ingestion_v1.0.create_log_task_table manual__2023-03-17T14:13:16.752372+00:00 [queued]>
[2023-03-17 14:13:48,873] {taskinstance.py:1032} INFO - Dependencies all met for <TaskInstance: local_ingestion_v1.0.create_log_task_table manual__2023-03-17T14:13:16.752372+00:00 [queued]>
[2023-03-17 14:13:48,886] {taskinstance.py:1238} INFO - 
--------------------------------------------------------------------------------
[2023-03-17 14:13:48,892] {taskinstance.py:1239} INFO - Starting attempt 1 of 2
[2023-03-17 14:13:48,896] {taskinstance.py:1240} INFO - 
--------------------------------------------------------------------------------
[2023-03-17 14:13:49,007] {taskinstance.py:1259} INFO - Executing <Task(PostgresOperator): create_log_task_table> on 2023-03-17 14:13:16.752372+00:00
[2023-03-17 14:13:49,066] {standard_task_runner.py:52} INFO - Started process 2007 to run task
[2023-03-17 14:13:49,128] {standard_task_runner.py:76} INFO - Running: ['***', 'tasks', 'run', 'local_ingestion_v1.0', 'create_log_task_table', 'manual__2023-03-17T14:13:16.752372+00:00', '--job-id', '101', '--raw', '--subdir', 'DAGS_FOLDER/data_ingestion_local.py', '--cfg-path', '/tmp/tmpl3c3a3sk', '--error-file', '/tmp/tmpmt44bbfe']
[2023-03-17 14:13:49,137] {standard_task_runner.py:77} INFO - Job 101: Subtask create_log_task_table
[2023-03-17 14:13:49,712] {logging_mixin.py:109} INFO - Running <TaskInstance: local_ingestion_v1.0.create_log_task_table manual__2023-03-17T14:13:16.752372+00:00 [running]> on host 8920ab98807f
[2023-03-17 14:13:50,076] {taskinstance.py:1426} INFO - Exporting the following env vars:
AIRFLOW_CTX_DAG_OWNER=***
AIRFLOW_CTX_DAG_ID=local_ingestion_v1.0
AIRFLOW_CTX_TASK_ID=create_log_task_table
AIRFLOW_CTX_EXECUTION_DATE=2023-03-17T14:13:16.752372+00:00
AIRFLOW_CTX_DAG_RUN_ID=manual__2023-03-17T14:13:16.752372+00:00
[2023-03-17 14:13:50,162] {base.py:79} INFO - Using connection to: id: postgress_localhost. Host: host.docker.internal, Port: 5432, Schema: wine_quality, Login: ***, Password: ***, extra: {}
[2023-03-17 14:13:50,242] {dbapi.py:225} INFO - Running statement: 
            create table if not exists dag_runs (
                dt date,
                dag_id character varying,
                primary key (dt, dag_id)
            )
        , parameters: None
[2023-03-17 14:13:50,275] {postgres.py:71} INFO - NOTICE:  relation "dag_runs" already exists, skipping

[2023-03-17 14:13:50,478] {taskinstance.py:1277} INFO - Marking task as SUCCESS. dag_id=local_ingestion_v1.0, task_id=create_log_task_table, execution_date=20230317T141316, start_date=20230317T141348, end_date=20230317T141350
[2023-03-17 14:13:50,717] {local_task_job.py:154} INFO - Task exited with return code 0
[2023-03-17 14:13:50,857] {local_task_job.py:264} INFO - 0 downstream tasks scheduled from follow-on schedule check
