[2023-03-17 14:17:10,011] {taskinstance.py:1032} INFO - Dependencies all met for <TaskInstance: local_ingestion_v1.0.ingest_data manual__2023-03-17T14:16:55.852990+00:00 [queued]>
[2023-03-17 14:17:10,127] {taskinstance.py:1032} INFO - Dependencies all met for <TaskInstance: local_ingestion_v1.0.ingest_data manual__2023-03-17T14:16:55.852990+00:00 [queued]>
[2023-03-17 14:17:10,132] {taskinstance.py:1238} INFO - 
--------------------------------------------------------------------------------
[2023-03-17 14:17:10,135] {taskinstance.py:1239} INFO - Starting attempt 1 of 2
[2023-03-17 14:17:10,142] {taskinstance.py:1240} INFO - 
--------------------------------------------------------------------------------
[2023-03-17 14:17:10,294] {taskinstance.py:1259} INFO - Executing <Task(PythonOperator): ingest_data> on 2023-03-17 14:16:55.852990+00:00
[2023-03-17 14:17:10,334] {standard_task_runner.py:52} INFO - Started process 2256 to run task
[2023-03-17 14:17:10,380] {standard_task_runner.py:76} INFO - Running: ['***', 'tasks', 'run', 'local_ingestion_v1.0', 'ingest_data', 'manual__2023-03-17T14:16:55.852990+00:00', '--job-id', '104', '--raw', '--subdir', 'DAGS_FOLDER/data_ingestion_local.py', '--cfg-path', '/tmp/tmppr9mjud4', '--error-file', '/tmp/tmpjowx28ku']
[2023-03-17 14:17:10,390] {standard_task_runner.py:77} INFO - Job 104: Subtask ingest_data
[2023-03-17 14:17:10,864] {logging_mixin.py:109} INFO - Running <TaskInstance: local_ingestion_v1.0.ingest_data manual__2023-03-17T14:16:55.852990+00:00 [running]> on host 8920ab98807f
[2023-03-17 14:17:11,289] {taskinstance.py:1426} INFO - Exporting the following env vars:
AIRFLOW_CTX_DAG_OWNER=***
AIRFLOW_CTX_DAG_ID=local_ingestion_v1.0
AIRFLOW_CTX_TASK_ID=ingest_data
AIRFLOW_CTX_EXECUTION_DATE=2023-03-17T14:16:55.852990+00:00
AIRFLOW_CTX_DAG_RUN_ID=manual__2023-03-17T14:16:55.852990+00:00
[2023-03-17 14:17:14,446] {logging_mixin.py:109} INFO - Finished ingesting data into the postgres database
[2023-03-17 14:17:14,450] {python.py:175} INFO - Done. Returned value was: None
[2023-03-17 14:17:14,518] {taskinstance.py:1277} INFO - Marking task as SUCCESS. dag_id=local_ingestion_v1.0, task_id=ingest_data, execution_date=20230317T141655, start_date=20230317T141710, end_date=20230317T141714
[2023-03-17 14:17:14,638] {local_task_job.py:154} INFO - Task exited with return code 0
[2023-03-17 14:17:14,823] {local_task_job.py:264} INFO - 1 downstream tasks scheduled from follow-on schedule check
