[2023-03-16 16:21:02,302] {taskinstance.py:1032} INFO - Dependencies all met for <TaskInstance: local_ingestion_v1.0.download_dataset_task manual__2023-03-16T16:20:56.709658+00:00 [queued]>
[2023-03-16 16:21:02,358] {taskinstance.py:1032} INFO - Dependencies all met for <TaskInstance: local_ingestion_v1.0.download_dataset_task manual__2023-03-16T16:20:56.709658+00:00 [queued]>
[2023-03-16 16:21:02,360] {taskinstance.py:1238} INFO - 
--------------------------------------------------------------------------------
[2023-03-16 16:21:02,362] {taskinstance.py:1239} INFO - Starting attempt 1 of 2
[2023-03-16 16:21:02,363] {taskinstance.py:1240} INFO - 
--------------------------------------------------------------------------------
[2023-03-16 16:21:02,466] {taskinstance.py:1259} INFO - Executing <Task(BashOperator): download_dataset_task> on 2023-03-16 16:20:56.709658+00:00
[2023-03-16 16:21:02,480] {standard_task_runner.py:52} INFO - Started process 3387 to run task
[2023-03-16 16:21:02,501] {standard_task_runner.py:76} INFO - Running: ['***', 'tasks', 'run', 'local_ingestion_v1.0', 'download_dataset_task', 'manual__2023-03-16T16:20:56.709658+00:00', '--job-id', '55', '--raw', '--subdir', 'DAGS_FOLDER/data_ingestion_local.py', '--cfg-path', '/tmp/tmp9mgygkbx', '--error-file', '/tmp/tmpl1g4sjv8']
[2023-03-16 16:21:02,505] {standard_task_runner.py:77} INFO - Job 55: Subtask download_dataset_task
[2023-03-16 16:21:02,734] {logging_mixin.py:109} INFO - Running <TaskInstance: local_ingestion_v1.0.download_dataset_task manual__2023-03-16T16:20:56.709658+00:00 [running]> on host c6eb90394236
[2023-03-16 16:21:02,966] {taskinstance.py:1426} INFO - Exporting the following env vars:
AIRFLOW_CTX_DAG_OWNER=***
AIRFLOW_CTX_DAG_ID=local_ingestion_v1.0
AIRFLOW_CTX_TASK_ID=download_dataset_task
AIRFLOW_CTX_EXECUTION_DATE=2023-03-16T16:20:56.709658+00:00
AIRFLOW_CTX_DAG_RUN_ID=manual__2023-03-16T16:20:56.709658+00:00
[2023-03-16 16:21:02,972] {subprocess.py:62} INFO - Tmp dir root location: 
 /tmp
[2023-03-16 16:21:02,978] {subprocess.py:74} INFO - Running command: ['bash', '-c', 'curl -sS https://archive.ics.uci.edu/ml/machine-learning-databases/wine-quality/winequality-red.csv > /opt/***//winequality-red.csv']
[2023-03-16 16:21:03,002] {subprocess.py:85} INFO - Output:
[2023-03-16 16:21:04,799] {subprocess.py:93} INFO - Command exited with return code 0
[2023-03-16 16:21:04,896] {taskinstance.py:1277} INFO - Marking task as SUCCESS. dag_id=local_ingestion_v1.0, task_id=download_dataset_task, execution_date=20230316T162056, start_date=20230316T162102, end_date=20230316T162104
[2023-03-16 16:21:04,990] {local_task_job.py:154} INFO - Task exited with return code 0
[2023-03-16 16:21:05,249] {local_task_job.py:264} INFO - 0 downstream tasks scheduled from follow-on schedule check
