[2023-03-16 16:34:24,591] {taskinstance.py:1032} INFO - Dependencies all met for <TaskInstance: local_ingestion_v1.0.download_dataset_task manual__2023-03-16T16:34:19.716554+00:00 [queued]>
[2023-03-16 16:34:24,648] {taskinstance.py:1032} INFO - Dependencies all met for <TaskInstance: local_ingestion_v1.0.download_dataset_task manual__2023-03-16T16:34:19.716554+00:00 [queued]>
[2023-03-16 16:34:24,651] {taskinstance.py:1238} INFO - 
--------------------------------------------------------------------------------
[2023-03-16 16:34:24,654] {taskinstance.py:1239} INFO - Starting attempt 1 of 2
[2023-03-16 16:34:24,656] {taskinstance.py:1240} INFO - 
--------------------------------------------------------------------------------
[2023-03-16 16:34:24,732] {taskinstance.py:1259} INFO - Executing <Task(BashOperator): download_dataset_task> on 2023-03-16 16:34:19.716554+00:00
[2023-03-16 16:34:24,750] {standard_task_runner.py:52} INFO - Started process 4347 to run task
[2023-03-16 16:34:24,779] {standard_task_runner.py:76} INFO - Running: ['***', 'tasks', 'run', 'local_ingestion_v1.0', 'download_dataset_task', 'manual__2023-03-16T16:34:19.716554+00:00', '--job-id', '62', '--raw', '--subdir', 'DAGS_FOLDER/data_ingestion_local.py', '--cfg-path', '/tmp/tmpzdi2zwiv', '--error-file', '/tmp/tmprbmtkero']
[2023-03-16 16:34:24,793] {standard_task_runner.py:77} INFO - Job 62: Subtask download_dataset_task
[2023-03-16 16:34:25,439] {logging_mixin.py:109} INFO - Running <TaskInstance: local_ingestion_v1.0.download_dataset_task manual__2023-03-16T16:34:19.716554+00:00 [running]> on host c6eb90394236
[2023-03-16 16:34:25,715] {taskinstance.py:1426} INFO - Exporting the following env vars:
AIRFLOW_CTX_DAG_OWNER=***
AIRFLOW_CTX_DAG_ID=local_ingestion_v1.0
AIRFLOW_CTX_TASK_ID=download_dataset_task
AIRFLOW_CTX_EXECUTION_DATE=2023-03-16T16:34:19.716554+00:00
AIRFLOW_CTX_DAG_RUN_ID=manual__2023-03-16T16:34:19.716554+00:00
[2023-03-16 16:34:25,724] {subprocess.py:62} INFO - Tmp dir root location: 
 /tmp
[2023-03-16 16:34:25,737] {subprocess.py:74} INFO - Running command: ['bash', '-c', 'curl -sS https://archive.ics.uci.edu/ml/machine-learning-databases/wine-quality/winequality-red.csv > /opt/***//winequality-red.csv']
[2023-03-16 16:34:25,768] {subprocess.py:85} INFO - Output:
[2023-03-16 16:34:27,227] {subprocess.py:93} INFO - Command exited with return code 0
[2023-03-16 16:34:27,370] {taskinstance.py:1277} INFO - Marking task as SUCCESS. dag_id=local_ingestion_v1.0, task_id=download_dataset_task, execution_date=20230316T163419, start_date=20230316T163424, end_date=20230316T163427
[2023-03-16 16:34:27,507] {local_task_job.py:154} INFO - Task exited with return code 0
[2023-03-16 16:34:27,672] {local_task_job.py:264} INFO - 1 downstream tasks scheduled from follow-on schedule check
